Using pre-set license
Built from '2022.3/staging' branch; Version is '2022.3.1f1 (f18e0c1b5784) revision 15830540'; Using compiler version '192829333'; Build Type 'Release'
OS: 'Windows 11  (10.0.22621) 64bit Professional' Language: 'ru' Physical Memory: 32683 MB
BatchMode: 1, IsHumanControllingUs: 0, StartBugReporterOnCrash: 0, Is64bit: 1, IsPro: 1

COMMAND LINE ARGUMENTS:
C:\New Programs\Unity Engine\2022.3.1f1\Editor\Unity.exe
-adb2
-batchMode
-noUpm
-name
AssetImportWorker1
-projectPath
C:/New Programs/Unity Projects (Git)/SushiMastOrig/SushiMast
-logFile
Logs/AssetImportWorker1.log
-srvPort
49993
Successfully changed project path to: C:/New Programs/Unity Projects (Git)/SushiMastOrig/SushiMast
C:/New Programs/Unity Projects (Git)/SushiMastOrig/SushiMast
[UnityMemory] Configuration Parameters - Can be set up in boot.config
    "memorysetup-bucket-allocator-granularity=16"
    "memorysetup-bucket-allocator-bucket-count=8"
    "memorysetup-bucket-allocator-block-size=33554432"
    "memorysetup-bucket-allocator-block-count=8"
    "memorysetup-main-allocator-block-size=16777216"
    "memorysetup-thread-allocator-block-size=16777216"
    "memorysetup-gfx-main-allocator-block-size=16777216"
    "memorysetup-gfx-thread-allocator-block-size=16777216"
    "memorysetup-cache-allocator-block-size=4194304"
    "memorysetup-typetree-allocator-block-size=2097152"
    "memorysetup-profiler-bucket-allocator-granularity=16"
    "memorysetup-profiler-bucket-allocator-bucket-count=8"
    "memorysetup-profiler-bucket-allocator-block-size=33554432"
    "memorysetup-profiler-bucket-allocator-block-count=8"
    "memorysetup-profiler-allocator-block-size=16777216"
    "memorysetup-profiler-editor-allocator-block-size=1048576"
    "memorysetup-temp-allocator-size-main=16777216"
    "memorysetup-job-temp-allocator-block-size=2097152"
    "memorysetup-job-temp-allocator-block-size-background=1048576"
    "memorysetup-job-temp-allocator-reduction-small-platforms=262144"
    "memorysetup-allocator-temp-initial-block-size-main=262144"
    "memorysetup-allocator-temp-initial-block-size-worker=262144"
    "memorysetup-temp-allocator-size-background-worker=32768"
    "memorysetup-temp-allocator-size-job-worker=262144"
    "memorysetup-temp-allocator-size-preload-manager=33554432"
    "memorysetup-temp-allocator-size-nav-mesh-worker=65536"
    "memorysetup-temp-allocator-size-audio-worker=65536"
    "memorysetup-temp-allocator-size-cloud-worker=32768"
    "memorysetup-temp-allocator-size-gi-baking-worker=262144"
    "memorysetup-temp-allocator-size-gfx=262144"
Player connection [5428] Host "[IP] 192.168.31.100 [Port] 0 [Flags] 2 [Guid] 1812176280 [EditorId] 1812176280 [Version] 1048832 [Id] WindowsEditor(7,DESKTOP-MPH1GL2) [Debug] 1 [PackageName] WindowsEditor [ProjectName] Editor" joined multi-casting on [225.0.0.222:54997]...

Player connection [5428] Host "[IP] 192.168.31.100 [Port] 0 [Flags] 2 [Guid] 1812176280 [EditorId] 1812176280 [Version] 1048832 [Id] WindowsEditor(7,DESKTOP-MPH1GL2) [Debug] 1 [PackageName] WindowsEditor [ProjectName] Editor" joined alternative multi-casting on [225.0.0.222:34997]...

Refreshing native plugins compatible for Editor in 11.37 ms, found 3 plugins.
Preloading 0 native plugins for Editor in 0.00 ms.
Initialize engine version: 2022.3.1f1 (f18e0c1b5784)
[Subsystems] Discovering subsystems at path C:/New Programs/Unity Engine/2022.3.1f1/Editor/Data/Resources/UnitySubsystems
[Subsystems] Discovering subsystems at path C:/New Programs/Unity Projects (Git)/SushiMastOrig/SushiMast/Assets
GfxDevice: creating device client; threaded=0; jobified=0
Direct3D:
    Version:  Direct3D 11.0 [level 11.1]
    Renderer: AMD Radeon RX 7600 (ID=0x7480)
    Vendor:   ATI
    VRAM:     8130 MB
    Driver:   31.0.24027.1012
Initialize mono
Mono path[0] = 'C:/New Programs/Unity Engine/2022.3.1f1/Editor/Data/Managed'
Mono path[1] = 'C:/New Programs/Unity Engine/2022.3.1f1/Editor/Data/MonoBleedingEdge/lib/mono/unityjit-win32'
Mono config path = 'C:/New Programs/Unity Engine/2022.3.1f1/Editor/Data/MonoBleedingEdge/etc'
Using monoOptions --debugger-agent=transport=dt_socket,embedding=1,server=y,suspend=n,address=127.0.0.1:56168
Begin MonoManager ReloadAssembly
Registering precompiled unity dll's ...
Register platform support module: C:/New Programs/Unity Engine/2022.3.1f1/Editor/Data/PlaybackEngines/WebGLSupport/UnityEditor.WebGL.Extensions.dll
Register platform support module: C:/New Programs/Unity Engine/2022.3.1f1/Editor/Data/PlaybackEngines/AndroidPlayer/UnityEditor.Android.Extensions.dll
Register platform support module: C:/New Programs/Unity Engine/2022.3.1f1/Editor/Data/PlaybackEngines/iOSSupport/UnityEditor.iOS.Extensions.dll
Register platform support module: C:/New Programs/Unity Engine/2022.3.1f1/Editor/Data/PlaybackEngines/WindowsStandaloneSupport/UnityEditor.WindowsStandalone.Extensions.dll
Registered in 0.012285 seconds.
- Loaded All Assemblies, in  0.445 seconds
Native extension for WindowsStandalone target not found
[usbmuxd] Start listen thread
[usbmuxd] Listen thread started
Native extension for iOS target not found
Native extension for Android target not found
Android Extension - Scanning For ADB Devices 314 ms
Native extension for WebGL target not found
Mono: successfully reloaded assembly
- Finished resetting the current domain, in  0.750 seconds
Domain Reload Profiling: 1194ms
	BeginReloadAssembly (107ms)
		ExecutionOrderSort (0ms)
		DisableScriptedObjects (0ms)
		BackupInstance (0ms)
		ReleaseScriptingObjects (0ms)
		CreateAndSetChildDomain (1ms)
	RebuildCommonClasses (46ms)
	RebuildNativeTypeToScriptingClass (15ms)
	initialDomainReloadingComplete (80ms)
	LoadAllAssembliesAndSetupDomain (195ms)
		LoadAssemblies (106ms)
		RebuildTransferFunctionScriptingTraits (0ms)
		AnalyzeDomain (188ms)
			TypeCache.Refresh (187ms)
				TypeCache.ScanAssembly (171ms)
			ScanForSourceGeneratedMonoScriptInfo (0ms)
			ResolveRequiredComponents (1ms)
	FinalizeReload (750ms)
		ReleaseScriptCaches (0ms)
		RebuildScriptCaches (0ms)
		SetupLoadedEditorAssemblies (672ms)
			LogAssemblyErrors (0ms)
			InitializePlatformSupportModulesInManaged (471ms)
			SetLoadedEditorAssemblies (5ms)
			RefreshPlugins (0ms)
			BeforeProcessingInitializeOnLoad (3ms)
			ProcessInitializeOnLoadAttributes (131ms)
			ProcessInitializeOnLoadMethodAttributes (62ms)
			AfterProcessingInitializeOnLoad (0ms)
			EditorAssembliesLoaded (0ms)
		ExecutionOrderSort2 (0ms)
		AwakeInstancesAfterBackupRestoration (0ms)
========================================================================
Worker process is ready to serve import requests
Begin MonoManager ReloadAssembly
Symbol file LoadedFromMemory doesn't match image C:\New Programs\Unity Projects (Git)\SushiMastOrig\SushiMast\Library\PackageCache\com.unity.visualscripting@1.8.0\Editor\VisualScripting.Core\Dependencies\YamlDotNet\Unity.VisualScripting.YamlDotNet.dll
Symbol file LoadedFromMemory doesn't match image C:\New Programs\Unity Projects (Git)\SushiMastOrig\SushiMast\Library\PackageCache\com.unity.visualscripting@1.8.0\Editor\VisualScripting.Core\Dependencies\DotNetZip\Unity.VisualScripting.IonicZip.dll
- Loaded All Assemblies, in  0.916 seconds
Refreshing native plugins compatible for Editor in 3.40 ms, found 3 plugins.
Native extension for WindowsStandalone target not found
Native extension for iOS target not found
Native extension for Android target not found
Native extension for WebGL target not found
Package Manager log level set to [2]
[Package Manager] Server::EnsureServerProcessIsRunning -- launch failed, reason: Unity was launched with the -noUpm command-line argument
[Package Manager] UpmClient::Send -- Unable to send message (not connected to UPM process).
[Package Manager] Cannot connect to Unity Package Manager local server
Mono: successfully reloaded assembly
- Finished resetting the current domain, in  0.729 seconds
Domain Reload Profiling: 1643ms
	BeginReloadAssembly (163ms)
		ExecutionOrderSort (0ms)
		DisableScriptedObjects (8ms)
		BackupInstance (0ms)
		ReleaseScriptingObjects (0ms)
		CreateAndSetChildDomain (26ms)
	RebuildCommonClasses (44ms)
	RebuildNativeTypeToScriptingClass (15ms)
	initialDomainReloadingComplete (54ms)
	LoadAllAssembliesAndSetupDomain (637ms)
		LoadAssemblies (315ms)
		RebuildTransferFunctionScriptingTraits (0ms)
		AnalyzeDomain (398ms)
			TypeCache.Refresh (373ms)
				TypeCache.ScanAssembly (355ms)
			ScanForSourceGeneratedMonoScriptInfo (19ms)
			ResolveRequiredComponents (6ms)
	FinalizeReload (730ms)
		ReleaseScriptCaches (0ms)
		RebuildScriptCaches (0ms)
		SetupLoadedEditorAssemblies (527ms)
			LogAssemblyErrors (0ms)
			InitializePlatformSupportModulesInManaged (45ms)
			SetLoadedEditorAssemblies (5ms)
			RefreshPlugins (0ms)
			BeforeProcessingInitializeOnLoad (74ms)
			ProcessInitializeOnLoadAttributes (371ms)
			ProcessInitializeOnLoadMethodAttributes (24ms)
			AfterProcessingInitializeOnLoad (7ms)
			EditorAssembliesLoaded (0ms)
		ExecutionOrderSort2 (0ms)
		AwakeInstancesAfterBackupRestoration (10ms)
Launched and connected shader compiler UnityShaderCompiler.exe after 0.04 seconds
Refreshing native plugins compatible for Editor in 3.29 ms, found 3 plugins.
Preloading 0 native plugins for Editor in 0.00 ms.
Unloading 3120 Unused Serialized files (Serialized files now loaded: 0)
Unloading 33 unused Assets / (57.5 KB). Loaded Objects now: 3589.
Memory consumption went from 127.0 MB to 127.0 MB.
Total: 3.835000 ms (FindLiveObjects: 0.296800 ms CreateObjectMapping: 0.186800 ms MarkObjects: 3.237100 ms  DeleteObjects: 0.113500 ms)

AssetImportParameters requested are different than current active one (requested -> active):
  custom:container-demuxer-ogg: 62fdf1f143b41e24485cea50d1cbac27 -> 
  custom:video-codec-MediaFoundation-h265: 746d11721c4dcdbdad8f713fa42b33f4 -> 
  custom:video-decoder-ogg-theora: a1e56fd34408186e4bbccfd4996cb3dc -> 
  custom:framework-win-MediaFoundation: 216162199b28c13a410421893ffa2e32 -> 
  custom:container-demuxer-webm: 4f35f7cbe854078d1ac9338744f61a02 -> 
  custom:container-muxer-webm: aa71ff27fc2769a1b78a27578f13a17b -> 
  custom:video-decoder-webm-vp8: 9c59270c3fd7afecdb556c50c9e8de78 -> 
  custom:AudioImporter_EditorPlatform: d09bf68614088b80899f8185d706f6e7 -> 
  custom:video-encoder-webm-vp8: eb34c28f22e8b96e1ab97ce403110664 -> 
  custom:audio-decoder-ogg-vorbis: bf7c407c2cedff20999df2af8eb42d56 -> 
  custom:audio-encoder-webm-vorbis: bf7c407c2cedff20999df2af8eb42d56 -> 
========================================================================
Received Prepare
Begin MonoManager ReloadAssembly
Symbol file LoadedFromMemory doesn't match image C:\New Programs\Unity Projects (Git)\SushiMastOrig\SushiMast\Library\PackageCache\com.unity.visualscripting@1.8.0\Editor\VisualScripting.Core\Dependencies\YamlDotNet\Unity.VisualScripting.YamlDotNet.dll
Symbol file LoadedFromMemory doesn't match image C:\New Programs\Unity Projects (Git)\SushiMastOrig\SushiMast\Library\PackageCache\com.unity.visualscripting@1.8.0\Editor\VisualScripting.Core\Dependencies\DotNetZip\Unity.VisualScripting.IonicZip.dll
- Loaded All Assemblies, in  0.858 seconds
Refreshing native plugins compatible for Editor in 4.23 ms, found 3 plugins.
Native extension for WindowsStandalone target not found
Native extension for iOS target not found
Native extension for Android target not found
Native extension for WebGL target not found
[Package Manager] Server::EnsureServerProcessIsRunning -- launch failed, reason: Unity was launched with the -noUpm command-line argument
[Package Manager] UpmClient::Send -- Unable to send message (not connected to UPM process).
[Package Manager] Cannot connect to Unity Package Manager local server
Mono: successfully reloaded assembly
- Finished resetting the current domain, in  0.998 seconds
Domain Reload Profiling: 1854ms
	BeginReloadAssembly (172ms)
		ExecutionOrderSort (0ms)
		DisableScriptedObjects (8ms)
		BackupInstance (0ms)
		ReleaseScriptingObjects (0ms)
		CreateAndSetChildDomain (45ms)
	RebuildCommonClasses (43ms)
	RebuildNativeTypeToScriptingClass (18ms)
	initialDomainReloadingComplete (37ms)
	LoadAllAssembliesAndSetupDomain (586ms)
		LoadAssemblies (303ms)
		RebuildTransferFunctionScriptingTraits (0ms)
		AnalyzeDomain (358ms)
			TypeCache.Refresh (352ms)
				TypeCache.ScanAssembly (338ms)
			ScanForSourceGeneratedMonoScriptInfo (0ms)
			ResolveRequiredComponents (6ms)
	FinalizeReload (999ms)
		ReleaseScriptCaches (0ms)
		RebuildScriptCaches (0ms)
		SetupLoadedEditorAssemblies (489ms)
			LogAssemblyErrors (0ms)
			InitializePlatformSupportModulesInManaged (45ms)
			SetLoadedEditorAssemblies (6ms)
			RefreshPlugins (0ms)
			BeforeProcessingInitializeOnLoad (76ms)
			ProcessInitializeOnLoadAttributes (331ms)
			ProcessInitializeOnLoadMethodAttributes (24ms)
			AfterProcessingInitializeOnLoad (7ms)
			EditorAssembliesLoaded (0ms)
		ExecutionOrderSort2 (0ms)
		AwakeInstancesAfterBackupRestoration (10ms)
Refreshing native plugins compatible for Editor in 3.16 ms, found 3 plugins.
Preloading 0 native plugins for Editor in 0.00 ms.
Unloading 3099 Unused Serialized files (Serialized files now loaded: 0)
Unloading 24 unused Assets / (31.7 KB). Loaded Objects now: 3592.
Memory consumption went from 122.2 MB to 122.2 MB.
Total: 3.730100 ms (FindLiveObjects: 0.288100 ms CreateObjectMapping: 0.184600 ms MarkObjects: 3.209600 ms  DeleteObjects: 0.046700 ms)

Prepare: number of updated asset objects reloaded= 0
AssetImportParameters requested are different than current active one (requested -> active):
  custom:container-demuxer-ogg: 62fdf1f143b41e24485cea50d1cbac27 -> 
  custom:video-codec-MediaFoundation-h265: 746d11721c4dcdbdad8f713fa42b33f4 -> 
  custom:video-decoder-ogg-theora: a1e56fd34408186e4bbccfd4996cb3dc -> 
  custom:framework-win-MediaFoundation: 216162199b28c13a410421893ffa2e32 -> 
  custom:container-demuxer-webm: 4f35f7cbe854078d1ac9338744f61a02 -> 
  custom:container-muxer-webm: aa71ff27fc2769a1b78a27578f13a17b -> 
  custom:video-decoder-webm-vp8: 9c59270c3fd7afecdb556c50c9e8de78 -> 
  custom:AudioImporter_EditorPlatform: d09bf68614088b80899f8185d706f6e7 -> 
  custom:video-encoder-webm-vp8: eb34c28f22e8b96e1ab97ce403110664 -> 
  custom:audio-decoder-ogg-vorbis: bf7c407c2cedff20999df2af8eb42d56 -> 
  custom:audio-encoder-webm-vorbis: bf7c407c2cedff20999df2af8eb42d56 -> 
========================================================================
Received Import Request.
  Time since last request: 799.412654 seconds.
  path: Assets/HappyBurgerShop/Font/Db.ttf
  artifactKey: Guid(23b4094420dceae4cac02e3ab769be9e) Importer(815301076,1909f56bfc062723c751e8b465ee728b)
Start importing Assets/HappyBurgerShop/Font/Db.ttf using Guid(23b4094420dceae4cac02e3ab769be9e) Importer(815301076,1909f56bfc062723c751e8b465ee728b)  -> (artifact id: 'b607a4f46aa22fb5226dce71fc849d27') in 0.104311 seconds
Number of updated asset objects reloaded before import = 0
Number of asset objects unloaded after import = 4
========================================================================
Received Import Request.
  Time since last request: 0.000015 seconds.
  path: Assets/TextMesh Pro/Fonts/LiberationSans.ttf
  artifactKey: Guid(e3265ab4bf004d28a9537516768c1c75) Importer(815301076,1909f56bfc062723c751e8b465ee728b)
Start importing Assets/TextMesh Pro/Fonts/LiberationSans.ttf using Guid(e3265ab4bf004d28a9537516768c1c75) Importer(815301076,1909f56bfc062723c751e8b465ee728b)  -> (artifact id: '8756f7c291147a75e95d0f4a0d9e7e56') in 0.010531 seconds
Number of updated asset objects reloaded before import = 0
Number of asset objects unloaded after import = 4
========================================================================
Received Import Request.
  Time since last request: 185.238763 seconds.
  path: Assets/HappyBurgerShop/Textures/GUI/2-star.png
  artifactKey: Guid(3430896d2a5ee80468b826f7e4fafaca) Importer(815301076,1909f56bfc062723c751e8b465ee728b)
Start importing Assets/HappyBurgerShop/Textures/GUI/2-star.png using Guid(3430896d2a5ee80468b826f7e4fafaca) Importer(815301076,1909f56bfc062723c751e8b465ee728b)  -> (artifact id: '950a66a62207bdad2033d8f793c3c2a3') in 0.010306 seconds
Number of updated asset objects reloaded before import = 0
Number of asset objects unloaded after import = 2
========================================================================
Received Import Request.
  Time since last request: 0.000017 seconds.
  path: Assets/HappyBurgerShop/Textures/GUI/3Stars.png
  artifactKey: Guid(70c5e522a4a2ca54b8dcbc55eff6e63b) Importer(815301076,1909f56bfc062723c751e8b465ee728b)
Start importing Assets/HappyBurgerShop/Textures/GUI/3Stars.png using Guid(70c5e522a4a2ca54b8dcbc55eff6e63b) Importer(815301076,1909f56bfc062723c751e8b465ee728b)  -> (artifact id: '88529e3442f94b04340beb3d60c2811f') in 0.008460 seconds
Number of updated asset objects reloaded before import = 0
Number of asset objects unloaded after import = 2
========================================================================
Received Import Request.
  Time since last request: 0.000015 seconds.
  path: Assets/HappyBurgerShop/Textures/GUI/btnPlay.png
  artifactKey: Guid(579b288a93ef1574988791cd2069224e) Importer(815301076,1909f56bfc062723c751e8b465ee728b)
Start importing Assets/HappyBurgerShop/Textures/GUI/btnPlay.png using Guid(579b288a93ef1574988791cd2069224e) Importer(815301076,1909f56bfc062723c751e8b465ee728b)  -> (artifact id: 'be163e4767e84e6e03cfc69005366bed') in 0.005392 seconds
Number of updated asset objects reloaded before import = 0
Number of asset objects unloaded after import = 2
========================================================================
Received Import Request.
  Time since last request: 0.000014 seconds.
  path: Assets/HappyBurgerShop/Textures/GUI/btnSoundOff-2.png
  artifactKey: Guid(d8cb0349055233541a4e29970dd394cd) Importer(815301076,1909f56bfc062723c751e8b465ee728b)
Start importing Assets/HappyBurgerShop/Textures/GUI/btnSoundOff-2.png using Guid(d8cb0349055233541a4e29970dd394cd) Importer(815301076,1909f56bfc062723c751e8b465ee728b)  -> (artifact id: '5f20baca914ead6a79c6bb2f34deea78') in 0.005685 seconds
Number of updated asset objects reloaded before import = 0
Number of asset objects unloaded after import = 2
========================================================================
Received Import Request.
  Time since last request: 0.000013 seconds.
  path: Assets/HappyBurgerShop/Textures/GUI/Buttons.png
  artifactKey: Guid(3d2e76ce39dd4a54f86fb11a21e9bfda) Importer(815301076,1909f56bfc062723c751e8b465ee728b)
Start importing Assets/HappyBurgerShop/Textures/GUI/Buttons.png using Guid(3d2e76ce39dd4a54f86fb11a21e9bfda) Importer(815301076,1909f56bfc062723c751e8b465ee728b)  -> (artifact id: '398e9f02aa68252921e466cea62420b5') in 0.024805 seconds
Number of updated asset objects reloaded before import = 0
Number of asset objects unloaded after import = 3
========================================================================
Received Import Request.
  Time since last request: 0.000015 seconds.
  path: Assets/HappyBurgerShop/Textures/GUI/endgame-1star 1.png
  artifactKey: Guid(ccb58dd9106691342819a51e1caefe88) Importer(815301076,1909f56bfc062723c751e8b465ee728b)
Start importing Assets/HappyBurgerShop/Textures/GUI/endgame-1star 1.png using Guid(ccb58dd9106691342819a51e1caefe88) Importer(815301076,1909f56bfc062723c751e8b465ee728b)  -> (artifact id: '44a267dc09ee4929b6a3b878d53cc9d1') in 0.006345 seconds
Number of updated asset objects reloaded before import = 0
Number of asset objects unloaded after import = 2
========================================================================
Received Import Request.
  Time since last request: 0.000014 seconds.
  path: Assets/HappyBurgerShop/Textures/GUI/MissionBack.png
  artifactKey: Guid(54da9858ec852124cbc7317fad34a0bf) Importer(815301076,1909f56bfc062723c751e8b465ee728b)
Start importing Assets/HappyBurgerShop/Textures/GUI/MissionBack.png using Guid(54da9858ec852124cbc7317fad34a0bf) Importer(815301076,1909f56bfc062723c751e8b465ee728b)  -> (artifact id: 'c773ef71a9c9a07352c75f5a1cdb849c') in 0.010849 seconds
Number of updated asset objects reloaded before import = 0
Number of asset objects unloaded after import = 3
========================================================================
Received Import Request.
  Time since last request: 0.000017 seconds.
  path: Assets/HappyBurgerShop/Textures/GUI/PlayButton.png
  artifactKey: Guid(cb6ae72c56d80b244835cf1a6e6a9f59) Importer(815301076,1909f56bfc062723c751e8b465ee728b)
Start importing Assets/HappyBurgerShop/Textures/GUI/PlayButton.png using Guid(cb6ae72c56d80b244835cf1a6e6a9f59) Importer(815301076,1909f56bfc062723c751e8b465ee728b)  -> (artifact id: 'a646e805d8270c5c77eb6974b140ba6e') in 0.004898 seconds
Number of updated asset objects reloaded before import = 0
Number of asset objects unloaded after import = 2
========================================================================
Received Import Request.
  Time since last request: 0.000022 seconds.
  path: Assets/HappyBurgerShop/Textures/GUI/cell.png
  artifactKey: Guid(4b15c006d4e9a2d42b6ef91b03f43265) Importer(815301076,1909f56bfc062723c751e8b465ee728b)
Start importing Assets/HappyBurgerShop/Textures/GUI/cell.png using Guid(4b15c006d4e9a2d42b6ef91b03f43265) Importer(815301076,1909f56bfc062723c751e8b465ee728b)  -> (artifact id: 'df4475058b9b5ed73fa8db6bb9416f90') in 0.005328 seconds
Number of updated asset objects reloaded before import = 0
Number of asset objects unloaded after import = 2
========================================================================
Received Import Request.
  Time since last request: 0.000013 seconds.
  path: Assets/HappyBurgerShop/Textures/GUI/timerBarBG.png
  artifactKey: Guid(abda6e50981b85043929af93edd458b2) Importer(815301076,1909f56bfc062723c751e8b465ee728b)
Start importing Assets/HappyBurgerShop/Textures/GUI/timerBarBG.png using Guid(abda6e50981b85043929af93edd458b2) Importer(815301076,1909f56bfc062723c751e8b465ee728b)  -> (artifact id: '7832d90e21596c78e9c48a29471f1ca5') in 0.004676 seconds
Number of updated asset objects reloaded before import = 0
Number of asset objects unloaded after import = 2
========================================================================
Received Import Request.
  Time since last request: 0.000013 seconds.
  path: Assets/HappyBurgerShop/Textures/GUI/MissionMoneyIcon.png
  artifactKey: Guid(44e4285ef4a34ec46b4ca1a9cee5d948) Importer(815301076,1909f56bfc062723c751e8b465ee728b)
Start importing Assets/HappyBurgerShop/Textures/GUI/MissionMoneyIcon.png using Guid(44e4285ef4a34ec46b4ca1a9cee5d948) Importer(815301076,1909f56bfc062723c751e8b465ee728b)  -> (artifact id: '3bd1dfb74983f908feb0575492cd340a') in 0.006722 seconds
Number of updated asset objects reloaded before import = 0
Number of asset objects unloaded after import = 2
========================================================================
Received Import Request.
  Time since last request: 0.000013 seconds.
  path: Assets/HappyBurgerShop/Textures/GUI/cell-4.png
  artifactKey: Guid(5aa0fccbbcffa844d99b08cc8695dddf) Importer(815301076,1909f56bfc062723c751e8b465ee728b)
Start importing Assets/HappyBurgerShop/Textures/GUI/cell-4.png using Guid(5aa0fccbbcffa844d99b08cc8695dddf) Importer(815301076,1909f56bfc062723c751e8b465ee728b)  -> (artifact id: '13142ca3ca5a9876b51ab635d216e73a') in 0.004464 seconds
Number of updated asset objects reloaded before import = 0
Number of asset objects unloaded after import = 2
========================================================================
Received Import Request.
  Time since last request: 0.000013 seconds.
  path: Assets/HappyBurgerShop/Textures/GUI/endgame-0star.png
  artifactKey: Guid(62db733b07391504fb78c72100c59356) Importer(815301076,1909f56bfc062723c751e8b465ee728b)
Start importing Assets/HappyBurgerShop/Textures/GUI/endgame-0star.png using Guid(62db733b07391504fb78c72100c59356) Importer(815301076,1909f56bfc062723c751e8b465ee728b)  -> (artifact id: 'a504b59c790d075685b85dc299cc173e') in 0.006238 seconds
Number of updated asset objects reloaded before import = 0
Number of asset objects unloaded after import = 2
========================================================================
Received Import Request.
  Time since last request: 0.000014 seconds.
  path: Assets/HappyBurgerShop/Textures/GUI/cell-1.png
  artifactKey: Guid(6c5c904111c47c14982ca4ec102e2fcc) Importer(815301076,1909f56bfc062723c751e8b465ee728b)
Start importing Assets/HappyBurgerShop/Textures/GUI/cell-1.png using Guid(6c5c904111c47c14982ca4ec102e2fcc) Importer(815301076,1909f56bfc062723c751e8b465ee728b)  -> (artifact id: '042ec890b52b9c8e34581b052d5b8590') in 0.005349 seconds
Number of updated asset objects reloaded before import = 0
Number of asset objects unloaded after import = 2
========================================================================
Received Import Request.
  Time since last request: 0.000014 seconds.
  path: Assets/HappyBurgerShop/Textures/GUI/ShopButton.png
  artifactKey: Guid(eac1ed22337f2e04588daaab5daabf21) Importer(815301076,1909f56bfc062723c751e8b465ee728b)
Start importing Assets/HappyBurgerShop/Textures/GUI/ShopButton.png using Guid(eac1ed22337f2e04588daaab5daabf21) Importer(815301076,1909f56bfc062723c751e8b465ee728b)  -> (artifact id: '32468fd6b929d1eabbe5c64cfba7840d') in 0.006344 seconds
Number of updated asset objects reloaded before import = 0
Number of asset objects unloaded after import = 2
========================================================================
Received Import Request.
  Time since last request: 0.000013 seconds.
  path: Assets/HappyBurgerShop/Textures/GUI/ingBubble.png
  artifactKey: Guid(0c2adbb7a58be744693cdf34b7b06ad9) Importer(815301076,1909f56bfc062723c751e8b465ee728b)
Start importing Assets/HappyBurgerShop/Textures/GUI/ingBubble.png using Guid(0c2adbb7a58be744693cdf34b7b06ad9) Importer(815301076,1909f56bfc062723c751e8b465ee728b)  -> (artifact id: 'fc0f8dedaa6838393f975c84de40c34b') in 0.007755 seconds
Number of updated asset objects reloaded before import = 0
Number of asset objects unloaded after import = 2
========================================================================
Received Import Request.
  Time since last request: 0.000015 seconds.
  path: Assets/HappyBurgerShop/Textures/GUI/RestartButton.png
  artifactKey: Guid(04b7ab99909cafd468ae54fc9b34d9a6) Importer(815301076,1909f56bfc062723c751e8b465ee728b)
Start importing Assets/HappyBurgerShop/Textures/GUI/RestartButton.png using Guid(04b7ab99909cafd468ae54fc9b34d9a6) Importer(815301076,1909f56bfc062723c751e8b465ee728b)  -> (artifact id: '95f0744499507da0d43d3789c2ebe5a1') in 0.006161 seconds
Number of updated asset objects reloaded before import = 0
Number of asset objects unloaded after import = 2
========================================================================
Received Import Request.
  Time since last request: 0.000013 seconds.
  path: Assets/HappyBurgerShop/Textures/GUI/ADButton.png
  artifactKey: Guid(446cac98f527f6745929f3dbf8cd077e) Importer(815301076,1909f56bfc062723c751e8b465ee728b)
Start importing Assets/HappyBurgerShop/Textures/GUI/ADButton.png using Guid(446cac98f527f6745929f3dbf8cd077e) Importer(815301076,1909f56bfc062723c751e8b465ee728b)  -> (artifact id: 'f50da8d1e0dfe472e87e80823809d7de') in 0.005851 seconds
Number of updated asset objects reloaded before import = 0
Number of asset objects unloaded after import = 2
========================================================================
Received Import Request.
  Time since last request: 0.000014 seconds.
  path: Assets/HappyBurgerShop/Textures/GUI/icon.png
  artifactKey: Guid(9f42311220114b14c8b849bb712afa10) Importer(815301076,1909f56bfc062723c751e8b465ee728b)
Start importing Assets/HappyBurgerShop/Textures/GUI/icon.png using Guid(9f42311220114b14c8b849bb712afa10) Importer(815301076,1909f56bfc062723c751e8b465ee728b)  -> (artifact id: 'b0fca500badc08fe65ab5bb27033c114') in 0.006038 seconds
Number of updated asset objects reloaded before import = 0
Number of asset objects unloaded after import = 2
========================================================================
Received Import Request.
  Time since last request: 0.000013 seconds.
  path: Assets/HappyBurgerShop/Textures/GUI/btnBuyCoin.png
  artifactKey: Guid(8f3da9fdf05327440b98996c090d50d0) Importer(815301076,1909f56bfc062723c751e8b465ee728b)
Start importing Assets/HappyBurgerShop/Textures/GUI/btnBuyCoin.png using Guid(8f3da9fdf05327440b98996c090d50d0) Importer(815301076,1909f56bfc062723c751e8b465ee728b)  -> (artifact id: 'bc61b889277d46dbfa6af417ebf867a5') in 0.005011 seconds
Number of updated asset objects reloaded before import = 0
Number of asset objects unloaded after import = 2
========================================================================
Received Import Request.
  Time since last request: 0.000013 seconds.
  path: Assets/HappyBurgerShop/Textures/GUI/Clock.png
  artifactKey: Guid(e5fa397708358be498de034405e2fcf7) Importer(815301076,1909f56bfc062723c751e8b465ee728b)
Start importing Assets/HappyBurgerShop/Textures/GUI/Clock.png using Guid(e5fa397708358be498de034405e2fcf7) Importer(815301076,1909f56bfc062723c751e8b465ee728b)  -> (artifact id: 'e05e2b226ef1d7c03e84e61e0a62c92c') in 0.006864 seconds
Number of updated asset objects reloaded before import = 0
Number of asset objects unloaded after import = 2
========================================================================
Received Import Request.
  Time since last request: 0.000013 seconds.
  path: Assets/HappyBurgerShop/Textures/GUI/btnShop.png
  artifactKey: Guid(8a11277eca4682b41aedd4d8bfea03c1) Importer(815301076,1909f56bfc062723c751e8b465ee728b)
Start importing Assets/HappyBurgerShop/Textures/GUI/btnShop.png using Guid(8a11277eca4682b41aedd4d8bfea03c1) Importer(815301076,1909f56bfc062723c751e8b465ee728b)  -> (artifact id: '148b280e679856128fd11007c29ae45b') in 0.005258 seconds
Number of updated asset objects reloaded before import = 0
Number of asset objects unloaded after import = 2
========================================================================
Received Import Request.
  Time since last request: 0.000013 seconds.
  path: Assets/HappyBurgerShop/Textures/GUI/missionLongBackNew.png
  artifactKey: Guid(537b8f6aad1358d4480b49919fa62c1c) Importer(815301076,1909f56bfc062723c751e8b465ee728b)
Start importing Assets/HappyBurgerShop/Textures/GUI/missionLongBackNew.png using Guid(537b8f6aad1358d4480b49919fa62c1c) Importer(815301076,1909f56bfc062723c751e8b465ee728b)  -> (artifact id: 'dc88e2b5f1f2c3214a80825abf28b0ee') in 0.004209 seconds
Number of updated asset objects reloaded before import = 0
Number of asset objects unloaded after import = 2
========================================================================
Received Import Request.
  Time since last request: 0.000032 seconds.
  path: Assets/HappyBurgerShop/Textures/GUI/timerBar.png
  artifactKey: Guid(82fc3a2c281ab524b9f519dff77c599f) Importer(815301076,1909f56bfc062723c751e8b465ee728b)
Start importing Assets/HappyBurgerShop/Textures/GUI/timerBar.png using Guid(82fc3a2c281ab524b9f519dff77c599f) Importer(815301076,1909f56bfc062723c751e8b465ee728b)  -> (artifact id: '9517acebf2c307e5d73d395739eb7022') in 0.004349 seconds
Number of updated asset objects reloaded before import = 0
Number of asset objects unloaded after import = 2
========================================================================
Received Import Request.
  Time since last request: 0.000014 seconds.
  path: Assets/HappyBurgerShop/Textures/GUI/btnVideo.png
  artifactKey: Guid(c189934e199bb294ea3e9d9840a6681e) Importer(815301076,1909f56bfc062723c751e8b465ee728b)
Start importing Assets/HappyBurgerShop/Textures/GUI/btnVideo.png using Guid(c189934e199bb294ea3e9d9840a6681e) Importer(815301076,1909f56bfc062723c751e8b465ee728b)  -> (artifact id: 'a52d9eead984ada492c948ba9c8c4424') in 0.005213 seconds
Number of updated asset objects reloaded before import = 0
Number of asset objects unloaded after import = 2
========================================================================
Received Import Request.
  Time since last request: 0.000013 seconds.
  path: Assets/HappyBurgerShop/Textures/GUI/LabelBgCell.png
  artifactKey: Guid(6bbbfdc72a583104b93308480f5edcc2) Importer(815301076,1909f56bfc062723c751e8b465ee728b)
Start importing Assets/HappyBurgerShop/Textures/GUI/LabelBgCell.png using Guid(6bbbfdc72a583104b93308480f5edcc2) Importer(815301076,1909f56bfc062723c751e8b465ee728b)  -> (artifact id: 'f4d72fb82252068f34e435c5478e8ce9') in 0.005265 seconds
Number of updated asset objects reloaded before import = 0
Number of asset objects unloaded after import = 2
========================================================================
Received Import Request.
  Time since last request: 0.000013 seconds.
  path: Assets/HappyBurgerShop/Textures/GUI/you-win.png
  artifactKey: Guid(7384873c47c18d0438d34fcab1946981) Importer(815301076,1909f56bfc062723c751e8b465ee728b)
Start importing Assets/HappyBurgerShop/Textures/GUI/you-win.png using Guid(7384873c47c18d0438d34fcab1946981) Importer(815301076,1909f56bfc062723c751e8b465ee728b)  -> (artifact id: 'f4ab3545db9410f2cb05f1b8ee70397a') in 0.005811 seconds
Number of updated asset objects reloaded before import = 0
Number of asset objects unloaded after import = 2
========================================================================
Received Import Request.
  Time since last request: 0.000013 seconds.
  path: Assets/HappyBurgerShop/Textures/GUI/SonudButtonOff.png
  artifactKey: Guid(368571898f5b7cb4386e054473902c35) Importer(815301076,1909f56bfc062723c751e8b465ee728b)
Start importing Assets/HappyBurgerShop/Textures/GUI/SonudButtonOff.png using Guid(368571898f5b7cb4386e054473902c35) Importer(815301076,1909f56bfc062723c751e8b465ee728b)  -> (artifact id: '0c284ebec6b5a4a9261c59522f1285b0') in 0.004937 seconds
Number of updated asset objects reloaded before import = 0
Number of asset objects unloaded after import = 2
========================================================================
Received Import Request.
  Time since last request: 0.000013 seconds.
  path: Assets/HappyBurgerShop/Textures/GUI/btnNext.png
  artifactKey: Guid(6386bd0d1ce49664fb64a4b91b5a5724) Importer(815301076,1909f56bfc062723c751e8b465ee728b)
Start importing Assets/HappyBurgerShop/Textures/GUI/btnNext.png using Guid(6386bd0d1ce49664fb64a4b91b5a5724) Importer(815301076,1909f56bfc062723c751e8b465ee728b)  -> (artifact id: '2b3ff9dd69c078c65ff48debc3c94e3d') in 0.005055 seconds
Number of updated asset objects reloaded before import = 0
Number of asset objects unloaded after import = 2
========================================================================
Received Import Request.
  Time since last request: 0.000014 seconds.
  path: Assets/HappyBurgerShop/Textures/GUI/SonudButton.png
  artifactKey: Guid(96a804293a5fb6d4b9621a218a2a4511) Importer(815301076,1909f56bfc062723c751e8b465ee728b)
Start importing Assets/HappyBurgerShop/Textures/GUI/SonudButton.png using Guid(96a804293a5fb6d4b9621a218a2a4511) Importer(815301076,1909f56bfc062723c751e8b465ee728b)  -> (artifact id: 'b1d073691aa45b339e95fb97d0cd0eff') in 0.004877 seconds
Number of updated asset objects reloaded before import = 0
Number of asset objects unloaded after import = 2
========================================================================
Received Import Request.
  Time since last request: 0.000013 seconds.
  path: Assets/HappyBurgerShop/Textures/GUI/endgame-3star.png
  artifactKey: Guid(7653662cba444824581a3faa6c5b3921) Importer(815301076,1909f56bfc062723c751e8b465ee728b)
Start importing Assets/HappyBurgerShop/Textures/GUI/endgame-3star.png using Guid(7653662cba444824581a3faa6c5b3921) Importer(815301076,1909f56bfc062723c751e8b465ee728b)  -> (artifact id: '6e6f5df94080b62c0ac2bc3629574b69') in 0.005773 seconds
Number of updated asset objects reloaded before import = 0
Number of asset objects unloaded after import = 2
========================================================================
Received Import Request.
  Time since last request: 0.000013 seconds.
  path: Assets/HappyBurgerShop/Textures/GUI/ADButton 1.png
  artifactKey: Guid(c6170c148879be842b12dad7aff2601c) Importer(815301076,1909f56bfc062723c751e8b465ee728b)
Start importing Assets/HappyBurgerShop/Textures/GUI/ADButton 1.png using Guid(c6170c148879be842b12dad7aff2601c) Importer(815301076,1909f56bfc062723c751e8b465ee728b)  -> (artifact id: 'ba39bf1f48387cab052241359fd25e65') in 0.004797 seconds
Number of updated asset objects reloaded before import = 0
Number of asset objects unloaded after import = 2
========================================================================
Received Import Request.
  Time since last request: 0.000013 seconds.
  path: Assets/HappyBurgerShop/Textures/GUI/ShopButton 1.png
  artifactKey: Guid(ab84139887f858f4693743500ecfa444) Importer(815301076,1909f56bfc062723c751e8b465ee728b)
Start importing Assets/HappyBurgerShop/Textures/GUI/ShopButton 1.png using Guid(ab84139887f858f4693743500ecfa444) Importer(815301076,1909f56bfc062723c751e8b465ee728b)  -> (artifact id: '38898a30371c31c222b52970140b5fe6') in 0.004607 seconds
Number of updated asset objects reloaded before import = 0
Number of asset objects unloaded after import = 2
========================================================================
Received Import Request.
  Time since last request: 0.000013 seconds.
  path: Assets/HappyBurgerShop/Textures/GUI/plateServe.png
  artifactKey: Guid(233b8de30664388468fef0e974df056a) Importer(815301076,1909f56bfc062723c751e8b465ee728b)
Start importing Assets/HappyBurgerShop/Textures/GUI/plateServe.png using Guid(233b8de30664388468fef0e974df056a) Importer(815301076,1909f56bfc062723c751e8b465ee728b)  -> (artifact id: '33fa031e3afa988bbd6dbdd31bd62fd5') in 0.008680 seconds
Number of updated asset objects reloaded before import = 0
Number of asset objects unloaded after import = 3
========================================================================
Received Import Request.
  Time since last request: 0.000014 seconds.
  path: Assets/HappyBurgerShop/Textures/GUI/btnPause.png
  artifactKey: Guid(ca9ee7e410f1a9745a15c836f93c63ed) Importer(815301076,1909f56bfc062723c751e8b465ee728b)
Start importing Assets/HappyBurgerShop/Textures/GUI/btnPause.png using Guid(ca9ee7e410f1a9745a15c836f93c63ed) Importer(815301076,1909f56bfc062723c751e8b465ee728b)  -> (artifact id: '7d047344031d1d391b88a4c442b6161e') in 0.004661 seconds
Number of updated asset objects reloaded before import = 0
Number of asset objects unloaded after import = 2
========================================================================
Received Import Request.
  Time since last request: 0.000013 seconds.
  path: Assets/HappyBurgerShop/Textures/GUI/mission-3star.png
  artifactKey: Guid(1c91636795c2a284bacfa3da1a5625e0) Importer(815301076,1909f56bfc062723c751e8b465ee728b)
Start importing Assets/HappyBurgerShop/Textures/GUI/mission-3star.png using Guid(1c91636795c2a284bacfa3da1a5625e0) Importer(815301076,1909f56bfc062723c751e8b465ee728b)  -> (artifact id: '36d6ffc503f621c924d9a10d907fab8d') in 0.005967 seconds
Number of updated asset objects reloaded before import = 0
Number of asset objects unloaded after import = 2
========================================================================
Received Import Request.
  Time since last request: 0.000013 seconds.
  path: Assets/HappyBurgerShop/Textures/GUI/Lock.png
  artifactKey: Guid(222f8f5ec6233fc419c3fcabbf38dbc8) Importer(815301076,1909f56bfc062723c751e8b465ee728b)
Start importing Assets/HappyBurgerShop/Textures/GUI/Lock.png using Guid(222f8f5ec6233fc419c3fcabbf38dbc8) Importer(815301076,1909f56bfc062723c751e8b465ee728b)  -> (artifact id: '37271624d061cf0bf171cef9d679ef4f') in 0.005980 seconds
Number of updated asset objects reloaded before import = 0
Number of asset objects unloaded after import = 2
========================================================================
Received Import Request.
  Time since last request: 0.000013 seconds.
  path: Assets/HappyBurgerShop/Textures/GUI/you-have-lost 1.png
  artifactKey: Guid(9db23faa6ca99324dbc5a73aab558513) Importer(815301076,1909f56bfc062723c751e8b465ee728b)
Start importing Assets/HappyBurgerShop/Textures/GUI/you-have-lost 1.png using Guid(9db23faa6ca99324dbc5a73aab558513) Importer(815301076,1909f56bfc062723c751e8b465ee728b)  -> (artifact id: 'c3cf3d35c72d72da292657918d1a605e') in 0.004473 seconds
Number of updated asset objects reloaded before import = 0
Number of asset objects unloaded after import = 2
========================================================================
Received Import Request.
  Time since last request: 0.000013 seconds.
  path: Assets/HappyBurgerShop/Textures/GUI/btnShare.png
  artifactKey: Guid(11ac3fd41e27c474ba371e168adcd1b2) Importer(815301076,1909f56bfc062723c751e8b465ee728b)
Start importing Assets/HappyBurgerShop/Textures/GUI/btnShare.png using Guid(11ac3fd41e27c474ba371e168adcd1b2) Importer(815301076,1909f56bfc062723c751e8b465ee728b)  -> (artifact id: '2437bafa13f6e2910e42e0cb6b733035') in 0.004507 seconds
Number of updated asset objects reloaded before import = 0
Number of asset objects unloaded after import = 2
========================================================================
Received Import Request.
  Time since last request: 0.000013 seconds.
  path: Assets/HappyBurgerShop/Textures/GUI/btnInfo.png
  artifactKey: Guid(9a837b57593db9448b2767c06589d827) Importer(815301076,1909f56bfc062723c751e8b465ee728b)
Start importing Assets/HappyBurgerShop/Textures/GUI/btnInfo.png using Guid(9a837b57593db9448b2767c06589d827) Importer(815301076,1909f56bfc062723c751e8b465ee728b)  -> (artifact id: '940f309d20f0e3eaa0f6190e533e56cd') in 0.005088 seconds
Number of updated asset objects reloaded before import = 0
Number of asset objects unloaded after import = 2
Editor requested this worker to shutdown with reason: Scaling down because of idle timeout
TcpMessagingSession - receive error: operation aborted. errorcode: 995, details: ќпераци€ ввода/вывода была прервана из-за завершени€ потока команд или по запросу приложени€.
AssetImportWorker is now disconnected from the server
Process exiting
Exiting without the bug reporter. Application will terminate with return code 0