Using pre-set license
Built from '2022.3/staging' branch; Version is '2022.3.1f1 (f18e0c1b5784) revision 15830540'; Using compiler version '192829333'; Build Type 'Release'
OS: 'Windows 11  (10.0.22631) 64bit Professional' Language: 'ru' Physical Memory: 15715 MB
BatchMode: 1, IsHumanControllingUs: 0, StartBugReporterOnCrash: 0, Is64bit: 1, IsPro: 1

COMMAND LINE ARGUMENTS:
C:\Program Files\Unity\Hub\Editor\2022.3.1f1\Editor\Unity.exe
-adb2
-batchMode
-noUpm
-name
AssetImportWorker3
-projectPath
C:/New Programs/Unity Git Projects/SushiMastOrig/SushiMast
-logFile
Logs/AssetImportWorker3.log
-srvPort
54140
Successfully changed project path to: C:/New Programs/Unity Git Projects/SushiMastOrig/SushiMast
C:/New Programs/Unity Git Projects/SushiMastOrig/SushiMast
[UnityMemory] Configuration Parameters - Can be set up in boot.config
    "memorysetup-bucket-allocator-granularity=16"
    "memorysetup-bucket-allocator-bucket-count=8"
    "memorysetup-bucket-allocator-block-size=33554432"
    "memorysetup-bucket-allocator-block-count=8"
    "memorysetup-main-allocator-block-size=16777216"
    "memorysetup-thread-allocator-block-size=16777216"
    "memorysetup-gfx-main-allocator-block-size=16777216"
    "memorysetup-gfx-thread-allocator-block-size=16777216"
    "memorysetup-cache-allocator-block-size=4194304"
    "memorysetup-typetree-allocator-block-size=2097152"
    "memorysetup-profiler-bucket-allocator-granularity=16"
    "memorysetup-profiler-bucket-allocator-bucket-count=8"
    "memorysetup-profiler-bucket-allocator-block-size=33554432"
    "memorysetup-profiler-bucket-allocator-block-count=8"
    "memorysetup-profiler-allocator-block-size=16777216"
    "memorysetup-profiler-editor-allocator-block-size=1048576"
    "memorysetup-temp-allocator-size-main=16777216"
    "memorysetup-job-temp-allocator-block-size=2097152"
    "memorysetup-job-temp-allocator-block-size-background=1048576"
    "memorysetup-job-temp-allocator-reduction-small-platforms=262144"
    "memorysetup-allocator-temp-initial-block-size-main=262144"
    "memorysetup-allocator-temp-initial-block-size-worker=262144"
    "memorysetup-temp-allocator-size-background-worker=32768"
    "memorysetup-temp-allocator-size-job-worker=262144"
    "memorysetup-temp-allocator-size-preload-manager=33554432"
    "memorysetup-temp-allocator-size-nav-mesh-worker=65536"
    "memorysetup-temp-allocator-size-audio-worker=65536"
    "memorysetup-temp-allocator-size-cloud-worker=32768"
    "memorysetup-temp-allocator-size-gi-baking-worker=262144"
    "memorysetup-temp-allocator-size-gfx=262144"
Player connection [15908] Host "[IP] 10.254.254.1 [Port] 0 [Flags] 2 [Guid] 714553021 [EditorId] 714553021 [Version] 1048832 [Id] WindowsEditor(7,DESKTOP-3KK9C0J) [Debug] 1 [PackageName] WindowsEditor [ProjectName] Editor" joined multi-casting on [225.0.0.222:54997]...

Player connection [15908] Host "[IP] 10.254.254.1 [Port] 0 [Flags] 2 [Guid] 714553021 [EditorId] 714553021 [Version] 1048832 [Id] WindowsEditor(7,DESKTOP-3KK9C0J) [Debug] 1 [PackageName] WindowsEditor [ProjectName] Editor" joined alternative multi-casting on [225.0.0.222:34997]...

Refreshing native plugins compatible for Editor in 5.53 ms, found 3 plugins.
Preloading 0 native plugins for Editor in 0.00 ms.
Initialize engine version: 2022.3.1f1 (f18e0c1b5784)
[Subsystems] Discovering subsystems at path C:/Program Files/Unity/Hub/Editor/2022.3.1f1/Editor/Data/Resources/UnitySubsystems
[Subsystems] Discovering subsystems at path C:/New Programs/Unity Git Projects/SushiMastOrig/SushiMast/Assets
GfxDevice: creating device client; threaded=0; jobified=0
Direct3D:
    Version:  Direct3D 11.0 [level 11.1]
    Renderer: NVIDIA GeForce RTX 3060 Laptop GPU (ID=0x2520)
    Vendor:   NVIDIA
    VRAM:     6010 MB
    Driver:   31.0.15.4680
Initialize mono
Mono path[0] = 'C:/Program Files/Unity/Hub/Editor/2022.3.1f1/Editor/Data/Managed'
Mono path[1] = 'C:/Program Files/Unity/Hub/Editor/2022.3.1f1/Editor/Data/MonoBleedingEdge/lib/mono/unityjit-win32'
Mono config path = 'C:/Program Files/Unity/Hub/Editor/2022.3.1f1/Editor/Data/MonoBleedingEdge/etc'
Using monoOptions --debugger-agent=transport=dt_socket,embedding=1,server=y,suspend=n,address=127.0.0.1:56576
Begin MonoManager ReloadAssembly
Registering precompiled unity dll's ...
Register platform support module: C:/Program Files/Unity/Hub/Editor/2022.3.1f1/Editor/Data/PlaybackEngines/AndroidPlayer/UnityEditor.Android.Extensions.dll
Register platform support module: C:/Program Files/Unity/Hub/Editor/2022.3.1f1/Editor/Data/PlaybackEngines/iOSSupport/UnityEditor.iOS.Extensions.dll
Register platform support module: C:/Program Files/Unity/Hub/Editor/2022.3.1f1/Editor/Data/PlaybackEngines/WindowsStandaloneSupport/UnityEditor.WindowsStandalone.Extensions.dll
Registered in 0.005604 seconds.
- Loaded All Assemblies, in  0.296 seconds
Native extension for WindowsStandalone target not found
[usbmuxd] Start listen thread
[usbmuxd] Listen thread started
Native extension for iOS target not found
Native extension for Android target not found
Android Extension - Scanning For ADB Devices 189 ms
Mono: successfully reloaded assembly
- Finished resetting the current domain, in  0.466 seconds
Domain Reload Profiling: 761ms
	BeginReloadAssembly (77ms)
		ExecutionOrderSort (0ms)
		DisableScriptedObjects (0ms)
		BackupInstance (0ms)
		ReleaseScriptingObjects (0ms)
		CreateAndSetChildDomain (1ms)
	RebuildCommonClasses (30ms)
	RebuildNativeTypeToScriptingClass (8ms)
	initialDomainReloadingComplete (48ms)
	LoadAllAssembliesAndSetupDomain (132ms)
		LoadAssemblies (76ms)
		RebuildTransferFunctionScriptingTraits (0ms)
		AnalyzeDomain (128ms)
			TypeCache.Refresh (127ms)
				TypeCache.ScanAssembly (115ms)
			ScanForSourceGeneratedMonoScriptInfo (1ms)
			ResolveRequiredComponents (1ms)
	FinalizeReload (467ms)
		ReleaseScriptCaches (0ms)
		RebuildScriptCaches (0ms)
		SetupLoadedEditorAssemblies (415ms)
			LogAssemblyErrors (0ms)
			InitializePlatformSupportModulesInManaged (290ms)
			SetLoadedEditorAssemblies (3ms)
			RefreshPlugins (0ms)
			BeforeProcessingInitializeOnLoad (2ms)
			ProcessInitializeOnLoadAttributes (82ms)
			ProcessInitializeOnLoadMethodAttributes (38ms)
			AfterProcessingInitializeOnLoad (0ms)
			EditorAssembliesLoaded (0ms)
		ExecutionOrderSort2 (0ms)
		AwakeInstancesAfterBackupRestoration (0ms)
========================================================================
Worker process is ready to serve import requests
Begin MonoManager ReloadAssembly
Symbol file LoadedFromMemory doesn't match image C:\New Programs\Unity Git Projects\SushiMastOrig\SushiMast\Library\PackageCache\com.unity.visualscripting@1.8.0\Editor\VisualScripting.Core\Dependencies\YamlDotNet\Unity.VisualScripting.YamlDotNet.dll
Symbol file LoadedFromMemory doesn't match image C:\New Programs\Unity Git Projects\SushiMastOrig\SushiMast\Library\PackageCache\com.unity.visualscripting@1.8.0\Editor\VisualScripting.Core\Dependencies\DotNetZip\Unity.VisualScripting.IonicZip.dll
- Loaded All Assemblies, in  0.606 seconds
Refreshing native plugins compatible for Editor in 2.08 ms, found 3 plugins.
Native extension for WindowsStandalone target not found
Native extension for iOS target not found
Native extension for Android target not found
Package Manager log level set to [2]
[Package Manager] Server::EnsureServerProcessIsRunning -- launch failed, reason: Unity was launched with the -noUpm command-line argument
[Package Manager] UpmClient::Send -- Unable to send message (not connected to UPM process).
[Package Manager] Cannot connect to Unity Package Manager local server
Mono: successfully reloaded assembly
- Finished resetting the current domain, in  0.434 seconds
Domain Reload Profiling: 1039ms
	BeginReloadAssembly (96ms)
		ExecutionOrderSort (0ms)
		DisableScriptedObjects (4ms)
		BackupInstance (0ms)
		ReleaseScriptingObjects (0ms)
		CreateAndSetChildDomain (19ms)
	RebuildCommonClasses (26ms)
	RebuildNativeTypeToScriptingClass (12ms)
	initialDomainReloadingComplete (46ms)
	LoadAllAssembliesAndSetupDomain (426ms)
		LoadAssemblies (246ms)
		RebuildTransferFunctionScriptingTraits (0ms)
		AnalyzeDomain (222ms)
			TypeCache.Refresh (207ms)
				TypeCache.ScanAssembly (197ms)
			ScanForSourceGeneratedMonoScriptInfo (11ms)
			ResolveRequiredComponents (4ms)
	FinalizeReload (435ms)
		ReleaseScriptCaches (0ms)
		RebuildScriptCaches (0ms)
		SetupLoadedEditorAssemblies (316ms)
			LogAssemblyErrors (0ms)
			InitializePlatformSupportModulesInManaged (26ms)
			SetLoadedEditorAssemblies (3ms)
			RefreshPlugins (0ms)
			BeforeProcessingInitializeOnLoad (46ms)
			ProcessInitializeOnLoadAttributes (222ms)
			ProcessInitializeOnLoadMethodAttributes (15ms)
			AfterProcessingInitializeOnLoad (4ms)
			EditorAssembliesLoaded (0ms)
		ExecutionOrderSort2 (0ms)
		AwakeInstancesAfterBackupRestoration (5ms)
Launched and connected shader compiler UnityShaderCompiler.exe after 0.03 seconds
Refreshing native plugins compatible for Editor in 1.97 ms, found 3 plugins.
Preloading 0 native plugins for Editor in 0.00 ms.
Unloading 3120 Unused Serialized files (Serialized files now loaded: 0)
Unloading 33 unused Assets / (57.7 KB). Loaded Objects now: 3588.
Memory consumption went from 126.2 MB to 126.1 MB.
Total: 2.709900 ms (FindLiveObjects: 0.198200 ms CreateObjectMapping: 0.115800 ms MarkObjects: 2.306200 ms  DeleteObjects: 0.087300 ms)

AssetImportParameters requested are different than current active one (requested -> active):
  custom:container-demuxer-ogg: 62fdf1f143b41e24485cea50d1cbac27 -> 
  custom:video-codec-MediaFoundation-h265: 746d11721c4dcdbdad8f713fa42b33f4 -> 
  custom:video-decoder-ogg-theora: a1e56fd34408186e4bbccfd4996cb3dc -> 
  custom:framework-win-MediaFoundation: 216162199b28c13a410421893ffa2e32 -> 
  custom:container-demuxer-webm: 4f35f7cbe854078d1ac9338744f61a02 -> 
  custom:container-muxer-webm: aa71ff27fc2769a1b78a27578f13a17b -> 
  custom:video-decoder-webm-vp8: 9c59270c3fd7afecdb556c50c9e8de78 -> 
  custom:AudioImporter_EditorPlatform: d09bf68614088b80899f8185d706f6e7 -> 
  custom:video-encoder-webm-vp8: eb34c28f22e8b96e1ab97ce403110664 -> 
  custom:audio-decoder-ogg-vorbis: bf7c407c2cedff20999df2af8eb42d56 -> 
  custom:audio-encoder-webm-vorbis: bf7c407c2cedff20999df2af8eb42d56 -> 
========================================================================
Received Prepare
Begin MonoManager ReloadAssembly
Symbol file LoadedFromMemory doesn't match image C:\New Programs\Unity Git Projects\SushiMastOrig\SushiMast\Library\PackageCache\com.unity.visualscripting@1.8.0\Editor\VisualScripting.Core\Dependencies\YamlDotNet\Unity.VisualScripting.YamlDotNet.dll
Symbol file LoadedFromMemory doesn't match image C:\New Programs\Unity Git Projects\SushiMastOrig\SushiMast\Library\PackageCache\com.unity.visualscripting@1.8.0\Editor\VisualScripting.Core\Dependencies\DotNetZip\Unity.VisualScripting.IonicZip.dll
- Loaded All Assemblies, in  0.529 seconds
Refreshing native plugins compatible for Editor in 2.36 ms, found 3 plugins.
Native extension for WindowsStandalone target not found
Native extension for iOS target not found
Native extension for Android target not found
[Package Manager] Server::EnsureServerProcessIsRunning -- launch failed, reason: Unity was launched with the -noUpm command-line argument
[Package Manager] UpmClient::Send -- Unable to send message (not connected to UPM process).
[Package Manager] Cannot connect to Unity Package Manager local server
Mono: successfully reloaded assembly
- Finished resetting the current domain, in  0.745 seconds
Domain Reload Profiling: 1274ms
	BeginReloadAssembly (113ms)
		ExecutionOrderSort (0ms)
		DisableScriptedObjects (5ms)
		BackupInstance (0ms)
		ReleaseScriptingObjects (0ms)
		CreateAndSetChildDomain (33ms)
	RebuildCommonClasses (25ms)
	RebuildNativeTypeToScriptingClass (8ms)
	initialDomainReloadingComplete (23ms)
	LoadAllAssembliesAndSetupDomain (358ms)
		LoadAssemblies (181ms)
		RebuildTransferFunctionScriptingTraits (0ms)
		AnalyzeDomain (222ms)
			TypeCache.Refresh (217ms)
				TypeCache.ScanAssembly (205ms)
			ScanForSourceGeneratedMonoScriptInfo (0ms)
			ResolveRequiredComponents (5ms)
	FinalizeReload (746ms)
		ReleaseScriptCaches (0ms)
		RebuildScriptCaches (0ms)
		SetupLoadedEditorAssemblies (376ms)
			LogAssemblyErrors (0ms)
			InitializePlatformSupportModulesInManaged (35ms)
			SetLoadedEditorAssemblies (5ms)
			RefreshPlugins (0ms)
			BeforeProcessingInitializeOnLoad (60ms)
			ProcessInitializeOnLoadAttributes (254ms)
			ProcessInitializeOnLoadMethodAttributes (17ms)
			AfterProcessingInitializeOnLoad (5ms)
			EditorAssembliesLoaded (0ms)
		ExecutionOrderSort2 (0ms)
		AwakeInstancesAfterBackupRestoration (7ms)
Refreshing native plugins compatible for Editor in 2.33 ms, found 3 plugins.
Preloading 0 native plugins for Editor in 0.00 ms.
Unloading 3099 Unused Serialized files (Serialized files now loaded: 0)
Unloading 24 unused Assets / (31.6 KB). Loaded Objects now: 3591.
Memory consumption went from 121.4 MB to 121.4 MB.
Total: 4.232500 ms (FindLiveObjects: 0.289200 ms CreateObjectMapping: 0.102300 ms MarkObjects: 3.772000 ms  DeleteObjects: 0.068100 ms)

Prepare: number of updated asset objects reloaded= 0
AssetImportParameters requested are different than current active one (requested -> active):
  custom:container-demuxer-ogg: 62fdf1f143b41e24485cea50d1cbac27 -> 
  custom:video-codec-MediaFoundation-h265: 746d11721c4dcdbdad8f713fa42b33f4 -> 
  custom:video-decoder-ogg-theora: a1e56fd34408186e4bbccfd4996cb3dc -> 
  custom:framework-win-MediaFoundation: 216162199b28c13a410421893ffa2e32 -> 
  custom:container-demuxer-webm: 4f35f7cbe854078d1ac9338744f61a02 -> 
  custom:container-muxer-webm: aa71ff27fc2769a1b78a27578f13a17b -> 
  custom:video-decoder-webm-vp8: 9c59270c3fd7afecdb556c50c9e8de78 -> 
  custom:AudioImporter_EditorPlatform: d09bf68614088b80899f8185d706f6e7 -> 
  custom:video-encoder-webm-vp8: eb34c28f22e8b96e1ab97ce403110664 -> 
  custom:audio-decoder-ogg-vorbis: bf7c407c2cedff20999df2af8eb42d56 -> 
  custom:audio-encoder-webm-vorbis: bf7c407c2cedff20999df2af8eb42d56 -> 
========================================================================
Received Prepare
Begin MonoManager ReloadAssembly
Symbol file LoadedFromMemory doesn't match image C:\New Programs\Unity Git Projects\SushiMastOrig\SushiMast\Library\PackageCache\com.unity.visualscripting@1.8.0\Editor\VisualScripting.Core\Dependencies\YamlDotNet\Unity.VisualScripting.YamlDotNet.dll
Symbol file LoadedFromMemory doesn't match image C:\New Programs\Unity Git Projects\SushiMastOrig\SushiMast\Library\PackageCache\com.unity.visualscripting@1.8.0\Editor\VisualScripting.Core\Dependencies\DotNetZip\Unity.VisualScripting.IonicZip.dll
- Loaded All Assemblies, in  0.534 seconds
Refreshing native plugins compatible for Editor in 2.01 ms, found 3 plugins.
Native extension for WindowsStandalone target not found
Native extension for iOS target not found
Native extension for Android target not found
[Package Manager] Server::EnsureServerProcessIsRunning -- launch failed, reason: Unity was launched with the -noUpm command-line argument
[Package Manager] UpmClient::Send -- Unable to send message (not connected to UPM process).
[Package Manager] Cannot connect to Unity Package Manager local server
Mono: successfully reloaded assembly
- Finished resetting the current domain, in  0.713 seconds
Domain Reload Profiling: 1245ms
	BeginReloadAssembly (119ms)
		ExecutionOrderSort (0ms)
		DisableScriptedObjects (5ms)
		BackupInstance (0ms)
		ReleaseScriptingObjects (0ms)
		CreateAndSetChildDomain (38ms)
	RebuildCommonClasses (26ms)
	RebuildNativeTypeToScriptingClass (9ms)
	initialDomainReloadingComplete (23ms)
	LoadAllAssembliesAndSetupDomain (356ms)
		LoadAssemblies (187ms)
		RebuildTransferFunctionScriptingTraits (0ms)
		AnalyzeDomain (213ms)
			TypeCache.Refresh (209ms)
				TypeCache.ScanAssembly (200ms)
			ScanForSourceGeneratedMonoScriptInfo (0ms)
			ResolveRequiredComponents (4ms)
	FinalizeReload (713ms)
		ReleaseScriptCaches (0ms)
		RebuildScriptCaches (0ms)
		SetupLoadedEditorAssemblies (375ms)
			LogAssemblyErrors (0ms)
			InitializePlatformSupportModulesInManaged (32ms)
			SetLoadedEditorAssemblies (5ms)
			RefreshPlugins (0ms)
			BeforeProcessingInitializeOnLoad (57ms)
			ProcessInitializeOnLoadAttributes (257ms)
			ProcessInitializeOnLoadMethodAttributes (19ms)
			AfterProcessingInitializeOnLoad (5ms)
			EditorAssembliesLoaded (0ms)
		ExecutionOrderSort2 (0ms)
		AwakeInstancesAfterBackupRestoration (6ms)
Refreshing native plugins compatible for Editor in 2.28 ms, found 3 plugins.
Preloading 0 native plugins for Editor in 0.00 ms.
Unloading 3099 Unused Serialized files (Serialized files now loaded: 0)
Unloading 24 unused Assets / (31.8 KB). Loaded Objects now: 3594.
Memory consumption went from 121.4 MB to 121.4 MB.
Total: 4.272300 ms (FindLiveObjects: 0.278000 ms CreateObjectMapping: 0.124300 ms MarkObjects: 3.791400 ms  DeleteObjects: 0.077500 ms)

Prepare: number of updated asset objects reloaded= 0
AssetImportParameters requested are different than current active one (requested -> active):
  custom:container-demuxer-ogg: 62fdf1f143b41e24485cea50d1cbac27 -> 
  custom:video-codec-MediaFoundation-h265: 746d11721c4dcdbdad8f713fa42b33f4 -> 
  custom:video-decoder-ogg-theora: a1e56fd34408186e4bbccfd4996cb3dc -> 
  custom:framework-win-MediaFoundation: 216162199b28c13a410421893ffa2e32 -> 
  custom:container-demuxer-webm: 4f35f7cbe854078d1ac9338744f61a02 -> 
  custom:container-muxer-webm: aa71ff27fc2769a1b78a27578f13a17b -> 
  custom:video-decoder-webm-vp8: 9c59270c3fd7afecdb556c50c9e8de78 -> 
  custom:AudioImporter_EditorPlatform: d09bf68614088b80899f8185d706f6e7 -> 
  custom:video-encoder-webm-vp8: eb34c28f22e8b96e1ab97ce403110664 -> 
  custom:audio-decoder-ogg-vorbis: bf7c407c2cedff20999df2af8eb42d56 -> 
  custom:audio-encoder-webm-vorbis: bf7c407c2cedff20999df2af8eb42d56 -> 
========================================================================
Received Import Request.
  Time since last request: 264688.166409 seconds.
  path: Assets/HappyBurgerShop/Materials/Backgrounds/Environment-01.mat
  artifactKey: Guid(7849372a888fd5e47b01c553a781da89) Importer(815301076,1909f56bfc062723c751e8b465ee728b)
Start importing Assets/HappyBurgerShop/Materials/Backgrounds/Environment-01.mat using Guid(7849372a888fd5e47b01c553a781da89) Importer(815301076,1909f56bfc062723c751e8b465ee728b)  -> (artifact id: '35f08515a6b1a1d2ed6a9f1498364ed8') in 0.097037 seconds
Number of updated asset objects reloaded before import = 0
Number of asset objects unloaded after import = 2
========================================================================
Received Import Request.
  Time since last request: 0.000013 seconds.
  path: Assets/HappyBurgerShop/Materials/Backgrounds/Shop-Desk-Back-01.mat
  artifactKey: Guid(4edfa19c4fcdc5d4988c3293ea8db222) Importer(815301076,1909f56bfc062723c751e8b465ee728b)
Start importing Assets/HappyBurgerShop/Materials/Backgrounds/Shop-Desk-Back-01.mat using Guid(4edfa19c4fcdc5d4988c3293ea8db222) Importer(815301076,1909f56bfc062723c751e8b465ee728b)  -> (artifact id: '408448b549f99f4ecd0b5f5977096d65') in 0.006028 seconds
Number of updated asset objects reloaded before import = 0
Number of asset objects unloaded after import = 2
========================================================================
Received Import Request.
  Time since last request: 0.000071 seconds.
  path: Assets/HappyBurgerShop/Materials/Backgrounds/ObjectivesPanel.mat
  artifactKey: Guid(e82f7a4fc82710241b263590eb734d07) Importer(815301076,1909f56bfc062723c751e8b465ee728b)
Start importing Assets/HappyBurgerShop/Materials/Backgrounds/ObjectivesPanel.mat using Guid(e82f7a4fc82710241b263590eb734d07) Importer(815301076,1909f56bfc062723c751e8b465ee728b)  -> (artifact id: 'fd4d07b49e2bdeb2dcd0408aaf3b10ae') in 0.026809 seconds
Number of updated asset objects reloaded before import = 0
Number of asset objects unloaded after import = 2
========================================================================
Received Import Request.
  Time since last request: 0.000013 seconds.
  path: Assets/HappyBurgerShop/Materials/Backgrounds/Shop-Desk-Front-01.mat
  artifactKey: Guid(603d289a991fdfc40b7186aa15f4d0c9) Importer(815301076,1909f56bfc062723c751e8b465ee728b)
Start importing Assets/HappyBurgerShop/Materials/Backgrounds/Shop-Desk-Front-01.mat using Guid(603d289a991fdfc40b7186aa15f4d0c9) Importer(815301076,1909f56bfc062723c751e8b465ee728b)  -> (artifact id: 'e9430ba79dcb2aea7e2631a63d2ff093') in 0.024452 seconds
Number of updated asset objects reloaded before import = 0
Number of asset objects unloaded after import = 2
========================================================================
Received Import Request.
  Time since last request: 0.160061 seconds.
  path: Assets/HappyBurgerShop/Materials/Customers/Customer-01-s1.mat
  artifactKey: Guid(2dc61ac1a6d54534d9cf4aefc31571cf) Importer(815301076,1909f56bfc062723c751e8b465ee728b)
Start importing Assets/HappyBurgerShop/Materials/Customers/Customer-01-s1.mat using Guid(2dc61ac1a6d54534d9cf4aefc31571cf) Importer(815301076,1909f56bfc062723c751e8b465ee728b)  -> (artifact id: '32eee173eadfd3474dc1cee0807e0720') in 0.006121 seconds
Number of updated asset objects reloaded before import = 0
Number of asset objects unloaded after import = 2
========================================================================
Received Import Request.
  Time since last request: 0.000014 seconds.
  path: Assets/HappyBurgerShop/Materials/Customers/Customer-04-s2.mat
  artifactKey: Guid(24f3d4c4d863b054ca36e26e94fbc175) Importer(815301076,1909f56bfc062723c751e8b465ee728b)
Start importing Assets/HappyBurgerShop/Materials/Customers/Customer-04-s2.mat using Guid(24f3d4c4d863b054ca36e26e94fbc175) Importer(815301076,1909f56bfc062723c751e8b465ee728b)  -> (artifact id: 'f3994c4a40e5664293287ae2ca985d33') in 0.004767 seconds
Number of updated asset objects reloaded before import = 0
Number of asset objects unloaded after import = 2
========================================================================
Received Import Request.
  Time since last request: 0.000012 seconds.
  path: Assets/HappyBurgerShop/Materials/Customers/Customer-07-s0.mat
  artifactKey: Guid(aef2758dcc22b5c4aaf181574c66b41a) Importer(815301076,1909f56bfc062723c751e8b465ee728b)
Start importing Assets/HappyBurgerShop/Materials/Customers/Customer-07-s0.mat using Guid(aef2758dcc22b5c4aaf181574c66b41a) Importer(815301076,1909f56bfc062723c751e8b465ee728b)  -> (artifact id: '5116cea4dadbf99981114e974409dc84') in 0.005341 seconds
Number of updated asset objects reloaded before import = 0
Number of asset objects unloaded after import = 2
========================================================================
Received Import Request.
  Time since last request: 0.000020 seconds.
  path: Assets/HappyBurgerShop/Materials/Customers/Customer-02-s1.mat
  artifactKey: Guid(850902483ca3f8145a3915b9bd9de9ee) Importer(815301076,1909f56bfc062723c751e8b465ee728b)
Start importing Assets/HappyBurgerShop/Materials/Customers/Customer-02-s1.mat using Guid(850902483ca3f8145a3915b9bd9de9ee) Importer(815301076,1909f56bfc062723c751e8b465ee728b)  -> (artifact id: 'be837c52a9f93ad5eecd7b51a9ee51dd') in 0.004718 seconds
Number of updated asset objects reloaded before import = 0
Number of asset objects unloaded after import = 2
========================================================================
Received Import Request.
  Time since last request: 0.000013 seconds.
  path: Assets/HappyBurgerShop/Materials/Customers/Customer-08-s0.mat
  artifactKey: Guid(cd94ecece0539014b9a93fd99b5b6b0c) Importer(815301076,1909f56bfc062723c751e8b465ee728b)
Start importing Assets/HappyBurgerShop/Materials/Customers/Customer-08-s0.mat using Guid(cd94ecece0539014b9a93fd99b5b6b0c) Importer(815301076,1909f56bfc062723c751e8b465ee728b)  -> (artifact id: 'c006cb1c9ccae0f9fffd931f026875ec') in 0.004597 seconds
Number of updated asset objects reloaded before import = 0
Number of asset objects unloaded after import = 2
========================================================================
Received Import Request.
  Time since last request: 0.000013 seconds.
  path: Assets/HappyBurgerShop/Materials/Customers/Customer-06-s1.mat
  artifactKey: Guid(c06fe769243373842977e0a15f99d9fe) Importer(815301076,1909f56bfc062723c751e8b465ee728b)
Start importing Assets/HappyBurgerShop/Materials/Customers/Customer-06-s1.mat using Guid(c06fe769243373842977e0a15f99d9fe) Importer(815301076,1909f56bfc062723c751e8b465ee728b)  -> (artifact id: 'deae5b5145786b1a8d5c330684a48670') in 0.005765 seconds
Number of updated asset objects reloaded before import = 0
Number of asset objects unloaded after import = 2
========================================================================
Received Import Request.
  Time since last request: 0.000013 seconds.
  path: Assets/HappyBurgerShop/Materials/Customers/Customer-05-s1.mat
  artifactKey: Guid(959306fde2d24f045b7f0d3ba1e1e308) Importer(815301076,1909f56bfc062723c751e8b465ee728b)
Start importing Assets/HappyBurgerShop/Materials/Customers/Customer-05-s1.mat using Guid(959306fde2d24f045b7f0d3ba1e1e308) Importer(815301076,1909f56bfc062723c751e8b465ee728b)  -> (artifact id: 'bff6a3e204ec6a62b65efed04bcdf3c2') in 0.005351 seconds
Number of updated asset objects reloaded before import = 0
Number of asset objects unloaded after import = 2
========================================================================
Received Import Request.
  Time since last request: 0.000012 seconds.
  path: Assets/HappyBurgerShop/Materials/Customers/Customer-05-s2.mat
  artifactKey: Guid(0b06718cd6dfe5043b93c5025ecdf6ce) Importer(815301076,1909f56bfc062723c751e8b465ee728b)
Start importing Assets/HappyBurgerShop/Materials/Customers/Customer-05-s2.mat using Guid(0b06718cd6dfe5043b93c5025ecdf6ce) Importer(815301076,1909f56bfc062723c751e8b465ee728b)  -> (artifact id: '49f4efa5ff0de9bb19e33b4d189c36b9') in 0.005266 seconds
Number of updated asset objects reloaded before import = 0
Number of asset objects unloaded after import = 2
========================================================================
Received Import Request.
  Time since last request: 0.000017 seconds.
  path: Assets/HappyBurgerShop/Materials/Customers/Customer-03-s0.mat
  artifactKey: Guid(a126d5d41c7c7cc489c65cb9f7c2c855) Importer(815301076,1909f56bfc062723c751e8b465ee728b)
Start importing Assets/HappyBurgerShop/Materials/Customers/Customer-03-s0.mat using Guid(a126d5d41c7c7cc489c65cb9f7c2c855) Importer(815301076,1909f56bfc062723c751e8b465ee728b)  -> (artifact id: 'aba519ef842d718c6264bbd657a01579') in 0.005156 seconds
Number of updated asset objects reloaded before import = 0
Number of asset objects unloaded after import = 2
========================================================================
Received Import Request.
  Time since last request: 0.000018 seconds.
  path: Assets/HappyBurgerShop/Materials/Customers/Customer-04-s1.mat
  artifactKey: Guid(a1b35202c23797e4ebe5f6db88701704) Importer(815301076,1909f56bfc062723c751e8b465ee728b)
Start importing Assets/HappyBurgerShop/Materials/Customers/Customer-04-s1.mat using Guid(a1b35202c23797e4ebe5f6db88701704) Importer(815301076,1909f56bfc062723c751e8b465ee728b)  -> (artifact id: '5ed1f0995089c1a60210f42a533bd8df') in 0.005552 seconds
Number of updated asset objects reloaded before import = 0
Number of asset objects unloaded after import = 2
========================================================================
Received Import Request.
  Time since last request: 0.000012 seconds.
  path: Assets/HappyBurgerShop/Materials/Customers/Customer-04-s3.mat
  artifactKey: Guid(ae6af6cf3a487bf48b5e0349e127415e) Importer(815301076,1909f56bfc062723c751e8b465ee728b)
Start importing Assets/HappyBurgerShop/Materials/Customers/Customer-04-s3.mat using Guid(ae6af6cf3a487bf48b5e0349e127415e) Importer(815301076,1909f56bfc062723c751e8b465ee728b)  -> (artifact id: 'c0ff438485758d01baa269ed1fd0d49b') in 0.004653 seconds
Number of updated asset objects reloaded before import = 0
Number of asset objects unloaded after import = 2
========================================================================
Received Import Request.
  Time since last request: 0.000013 seconds.
  path: Assets/HappyBurgerShop/Materials/Customers/Customer-06-s0.mat
  artifactKey: Guid(687dc57f597b1df408b334db1d90dcff) Importer(815301076,1909f56bfc062723c751e8b465ee728b)
Start importing Assets/HappyBurgerShop/Materials/Customers/Customer-06-s0.mat using Guid(687dc57f597b1df408b334db1d90dcff) Importer(815301076,1909f56bfc062723c751e8b465ee728b)  -> (artifact id: '9acf82bfd016cc22e97c8d341c2784d7') in 0.004966 seconds
Number of updated asset objects reloaded before import = 0
Number of asset objects unloaded after import = 2
========================================================================
Received Import Request.
  Time since last request: 0.000014 seconds.
  path: Assets/HappyBurgerShop/Materials/Customers/Customer-01-s2.mat
  artifactKey: Guid(f35be5e94379b6e4299a09cddf23e1ed) Importer(815301076,1909f56bfc062723c751e8b465ee728b)
Start importing Assets/HappyBurgerShop/Materials/Customers/Customer-01-s2.mat using Guid(f35be5e94379b6e4299a09cddf23e1ed) Importer(815301076,1909f56bfc062723c751e8b465ee728b)  -> (artifact id: 'df20e1a42a1d293a78508cc4ff70d2e1') in 0.004872 seconds
Number of updated asset objects reloaded before import = 0
Number of asset objects unloaded after import = 2
========================================================================
Received Import Request.
  Time since last request: 0.000013 seconds.
  path: Assets/HappyBurgerShop/Materials/Customers/Customer-07-s2.mat
  artifactKey: Guid(7d1c7cdf1dcb13e4bace97c3d56bd8d9) Importer(815301076,1909f56bfc062723c751e8b465ee728b)
Start importing Assets/HappyBurgerShop/Materials/Customers/Customer-07-s2.mat using Guid(7d1c7cdf1dcb13e4bace97c3d56bd8d9) Importer(815301076,1909f56bfc062723c751e8b465ee728b)  -> (artifact id: '82f94b9e731a57c9a7f07257d16f3c61') in 0.005636 seconds
Number of updated asset objects reloaded before import = 0
Number of asset objects unloaded after import = 2
========================================================================
Received Import Request.
  Time since last request: 0.000014 seconds.
  path: Assets/HappyBurgerShop/Materials/Customers/Customer-03-s2.mat
  artifactKey: Guid(43d391b8f9aeabb45a1970219d2164dc) Importer(815301076,1909f56bfc062723c751e8b465ee728b)
Start importing Assets/HappyBurgerShop/Materials/Customers/Customer-03-s2.mat using Guid(43d391b8f9aeabb45a1970219d2164dc) Importer(815301076,1909f56bfc062723c751e8b465ee728b)  -> (artifact id: '8b403a902a58207af2519f5664a5beea') in 0.004969 seconds
Number of updated asset objects reloaded before import = 0
Number of asset objects unloaded after import = 2
========================================================================
Received Import Request.
  Time since last request: 0.000016 seconds.
  path: Assets/HappyBurgerShop/Materials/Customers/Customer-06-s3.mat
  artifactKey: Guid(28ea859a113dbfa41bd4c8353aa241cf) Importer(815301076,1909f56bfc062723c751e8b465ee728b)
Start importing Assets/HappyBurgerShop/Materials/Customers/Customer-06-s3.mat using Guid(28ea859a113dbfa41bd4c8353aa241cf) Importer(815301076,1909f56bfc062723c751e8b465ee728b)  -> (artifact id: '80d26a65e09a6ae18128f083bee600be') in 0.005815 seconds
Number of updated asset objects reloaded before import = 0
Number of asset objects unloaded after import = 2
========================================================================
Received Import Request.
  Time since last request: 0.754205 seconds.
  path: Assets/HappyBurgerShop/Materials/GUI/1-Star.mat
  artifactKey: Guid(b4171af986738bd47b9d94530d099634) Importer(815301076,1909f56bfc062723c751e8b465ee728b)
Start importing Assets/HappyBurgerShop/Materials/GUI/1-Star.mat using Guid(b4171af986738bd47b9d94530d099634) Importer(815301076,1909f56bfc062723c751e8b465ee728b)  -> (artifact id: 'fb79866951915c21061b995ed1b57fc2') in 0.005151 seconds
Number of updated asset objects reloaded before import = 0
Number of asset objects unloaded after import = 2
========================================================================
Received Import Request.
  Time since last request: 0.000014 seconds.
  path: Assets/HappyBurgerShop/Materials/GUI/clockBG.mat
  artifactKey: Guid(c4cb8bdf1591dc647983749140a60713) Importer(815301076,1909f56bfc062723c751e8b465ee728b)
Start importing Assets/HappyBurgerShop/Materials/GUI/clockBG.mat using Guid(c4cb8bdf1591dc647983749140a60713) Importer(815301076,1909f56bfc062723c751e8b465ee728b)  -> (artifact id: 'e47f1f9cc2950af19d0a0e2f008cd133') in 0.006395 seconds
Number of updated asset objects reloaded before import = 0
Number of asset objects unloaded after import = 2
========================================================================
Received Import Request.
  Time since last request: 0.000012 seconds.
  path: Assets/HappyBurgerShop/Materials/GUI/missionStar-2.mat
  artifactKey: Guid(bed64371af8becb4d82b8ac14e5bd6d7) Importer(815301076,1909f56bfc062723c751e8b465ee728b)
Start importing Assets/HappyBurgerShop/Materials/GUI/missionStar-2.mat using Guid(bed64371af8becb4d82b8ac14e5bd6d7) Importer(815301076,1909f56bfc062723c751e8b465ee728b)  -> (artifact id: '3a78160fac5603a7b634b1e53723784c') in 0.005180 seconds
Number of updated asset objects reloaded before import = 0
Number of asset objects unloaded after import = 2
========================================================================
Received Import Request.
  Time since last request: 0.000018 seconds.
  path: Assets/HappyBurgerShop/Materials/GUI/MoneyLongBack.mat
  artifactKey: Guid(32519a8dd3e37b14c8ecff184f408ef9) Importer(815301076,1909f56bfc062723c751e8b465ee728b)
Start importing Assets/HappyBurgerShop/Materials/GUI/MoneyLongBack.mat using Guid(32519a8dd3e37b14c8ecff184f408ef9) Importer(815301076,1909f56bfc062723c751e8b465ee728b)  -> (artifact id: '070d4428acdf86b98d7894f018253eac') in 0.005746 seconds
Number of updated asset objects reloaded before import = 0
Number of asset objects unloaded after import = 2
========================================================================
Received Import Request.
  Time since last request: 0.000029 seconds.
  path: Assets/HappyBurgerShop/Materials/GUI/missionStar-1.mat
  artifactKey: Guid(ddb5bf81f0cd37a448457e2b9964775d) Importer(815301076,1909f56bfc062723c751e8b465ee728b)
Start importing Assets/HappyBurgerShop/Materials/GUI/missionStar-1.mat using Guid(ddb5bf81f0cd37a448457e2b9964775d) Importer(815301076,1909f56bfc062723c751e8b465ee728b)  -> (artifact id: '33f5bc6fbf4e5128fd9fcadeac98619a') in 0.005215 seconds
Number of updated asset objects reloaded before import = 0
Number of asset objects unloaded after import = 2
========================================================================
Received Import Request.
  Time since last request: 0.000011 seconds.
  path: Assets/HappyBurgerShop/Materials/GUI/MoneyIcon.mat
  artifactKey: Guid(e18adebddfde8094aaee13a84a33e894) Importer(815301076,1909f56bfc062723c751e8b465ee728b)
Start importing Assets/HappyBurgerShop/Materials/GUI/MoneyIcon.mat using Guid(e18adebddfde8094aaee13a84a33e894) Importer(815301076,1909f56bfc062723c751e8b465ee728b)  -> (artifact id: '939ec4262e1dea65b7bb7b9da1a77cf3') in 0.006275 seconds
Number of updated asset objects reloaded before import = 0
Number of asset objects unloaded after import = 2
========================================================================
Received Import Request.
  Time since last request: 0.000013 seconds.
  path: Assets/HappyBurgerShop/Materials/GUI/patienceBar-FG.mat
  artifactKey: Guid(0c0c30a7023dfbb438491e44931bf20c) Importer(815301076,1909f56bfc062723c751e8b465ee728b)
Start importing Assets/HappyBurgerShop/Materials/GUI/patienceBar-FG.mat using Guid(0c0c30a7023dfbb438491e44931bf20c) Importer(815301076,1909f56bfc062723c751e8b465ee728b)  -> (artifact id: '120f5b8e9feb3fb6a9f4de7ba37e8bd0') in 0.004896 seconds
Number of updated asset objects reloaded before import = 0
Number of asset objects unloaded after import = 2
========================================================================
Received Import Request.
  Time since last request: 0.000013 seconds.
  path: Assets/HappyBurgerShop/Materials/GUI/MoneyLongFront.mat
  artifactKey: Guid(00654e851763896468307f74517a5ddc) Importer(815301076,1909f56bfc062723c751e8b465ee728b)
Start importing Assets/HappyBurgerShop/Materials/GUI/MoneyLongFront.mat using Guid(00654e851763896468307f74517a5ddc) Importer(815301076,1909f56bfc062723c751e8b465ee728b)  -> (artifact id: '1c8af500b2e0729ee1dcdae31282b398') in 0.005206 seconds
Number of updated asset objects reloaded before import = 0
Number of asset objects unloaded after import = 2
========================================================================
Received Import Request.
  Time since last request: 0.000011 seconds.
  path: Assets/HappyBurgerShop/Materials/GUI/TimerBarBody.mat
  artifactKey: Guid(6786860f619c20b41b63409c506ddf22) Importer(815301076,1909f56bfc062723c751e8b465ee728b)
Start importing Assets/HappyBurgerShop/Materials/GUI/TimerBarBody.mat using Guid(6786860f619c20b41b63409c506ddf22) Importer(815301076,1909f56bfc062723c751e8b465ee728b)  -> (artifact id: '78fd014012a441feaa94a860375d24eb') in 0.004531 seconds
Number of updated asset objects reloaded before import = 0
Number of asset objects unloaded after import = 2
========================================================================
Received Import Request.
  Time since last request: 0.000013 seconds.
  path: Assets/HappyBurgerShop/Materials/GUI/2-Star.mat
  artifactKey: Guid(d780e72b4715ccc458535c0a6262938a) Importer(815301076,1909f56bfc062723c751e8b465ee728b)
Start importing Assets/HappyBurgerShop/Materials/GUI/2-Star.mat using Guid(d780e72b4715ccc458535c0a6262938a) Importer(815301076,1909f56bfc062723c751e8b465ee728b)  -> (artifact id: 'b8fb3dcaa8fe7c285d19a3d9a05a1498') in 0.005066 seconds
Number of updated asset objects reloaded before import = 0
Number of asset objects unloaded after import = 2
========================================================================
Received Import Request.
  Time since last request: 0.000013 seconds.
  path: Assets/HappyBurgerShop/Materials/GUI/EndGamePlane.mat
  artifactKey: Guid(ff42dbc4b0d36844e81dde1469efabdd) Importer(815301076,1909f56bfc062723c751e8b465ee728b)
Start importing Assets/HappyBurgerShop/Materials/GUI/EndGamePlane.mat using Guid(ff42dbc4b0d36844e81dde1469efabdd) Importer(815301076,1909f56bfc062723c751e8b465ee728b)  -> (artifact id: 'f3e390711144f82a37c91ec76ce8406d') in 0.006107 seconds
Number of updated asset objects reloaded before import = 0
Number of asset objects unloaded after import = 2
========================================================================
Received Import Request.
  Time since last request: 0.000024 seconds.
  path: Assets/HappyBurgerShop/Materials/GUI/gameStatus.mat
  artifactKey: Guid(4811ac95a2433c64087d74475aa0a999) Importer(815301076,1909f56bfc062723c751e8b465ee728b)
Start importing Assets/HappyBurgerShop/Materials/GUI/gameStatus.mat using Guid(4811ac95a2433c64087d74475aa0a999) Importer(815301076,1909f56bfc062723c751e8b465ee728b)  -> (artifact id: 'a6625080d186b29691fd4d4c090a61af') in 0.005157 seconds
Number of updated asset objects reloaded before import = 0
Number of asset objects unloaded after import = 2
========================================================================
Received Import Request.
  Time since last request: 0.000015 seconds.
  path: Assets/HappyBurgerShop/Materials/GUI/patienceBar-BG.mat
  artifactKey: Guid(5ceddb2eb27d5db47b76f6c420509e84) Importer(815301076,1909f56bfc062723c751e8b465ee728b)
Start importing Assets/HappyBurgerShop/Materials/GUI/patienceBar-BG.mat using Guid(5ceddb2eb27d5db47b76f6c420509e84) Importer(815301076,1909f56bfc062723c751e8b465ee728b)  -> (artifact id: 'd9fdde4bf0051ecab73baa18670e98fc') in 0.005919 seconds
Number of updated asset objects reloaded before import = 0
Number of asset objects unloaded after import = 2
========================================================================
Received Import Request.
  Time since last request: 0.000012 seconds.
  path: Assets/HappyBurgerShop/Materials/GUI/LockIcon.mat
  artifactKey: Guid(ac07823ceb253f244b715ba109a05423) Importer(815301076,1909f56bfc062723c751e8b465ee728b)
Start importing Assets/HappyBurgerShop/Materials/GUI/LockIcon.mat using Guid(ac07823ceb253f244b715ba109a05423) Importer(815301076,1909f56bfc062723c751e8b465ee728b)  -> (artifact id: '45f07faa09d43390be7aeee57786ac08') in 0.005088 seconds
Number of updated asset objects reloaded before import = 0
Number of asset objects unloaded after import = 2
========================================================================
Received Import Request.
  Time since last request: 3.870428 seconds.
  path: Assets/HappyBurgerShop/Materials/Ingerdients/Ingredient-Type-03.mat
  artifactKey: Guid(ccd2f51f34c8ff240914aa13f597b0ec) Importer(815301076,1909f56bfc062723c751e8b465ee728b)
Start importing Assets/HappyBurgerShop/Materials/Ingerdients/Ingredient-Type-03.mat using Guid(ccd2f51f34c8ff240914aa13f597b0ec) Importer(815301076,1909f56bfc062723c751e8b465ee728b)  -> (artifact id: '28f3f92d0b12c461c57e545fd9c1d850') in 0.020063 seconds
Number of updated asset objects reloaded before import = 0
Number of asset objects unloaded after import = 2
========================================================================
Received Import Request.
  Time since last request: 0.000021 seconds.
  path: Assets/HappyBurgerShop/Materials/Ingerdients/Ingredient-Type-04.mat
  artifactKey: Guid(6c60e7bba2d8b3b49b271437e0cd398b) Importer(815301076,1909f56bfc062723c751e8b465ee728b)
Start importing Assets/HappyBurgerShop/Materials/Ingerdients/Ingredient-Type-04.mat using Guid(6c60e7bba2d8b3b49b271437e0cd398b) Importer(815301076,1909f56bfc062723c751e8b465ee728b)  -> (artifact id: '004865692920774b9702b53620b243de') in 0.010099 seconds
Number of updated asset objects reloaded before import = 0
Number of asset objects unloaded after import = 2
========================================================================
Received Import Request.
  Time since last request: 0.000012 seconds.
  path: Assets/HappyBurgerShop/Materials/Ingerdients/Ingredient-Type-10.mat
  artifactKey: Guid(e86e86c6eafe747489906756d8c365b5) Importer(815301076,1909f56bfc062723c751e8b465ee728b)
Start importing Assets/HappyBurgerShop/Materials/Ingerdients/Ingredient-Type-10.mat using Guid(e86e86c6eafe747489906756d8c365b5) Importer(815301076,1909f56bfc062723c751e8b465ee728b)  -> (artifact id: 'c04e95b33396bae549df84202223a7b3') in 0.009181 seconds
Number of updated asset objects reloaded before import = 0
Number of asset objects unloaded after import = 2
========================================================================
Received Import Request.
  Time since last request: 0.000012 seconds.
  path: Assets/HappyBurgerShop/Materials/Ingerdients/Ingredient-Type-14.mat
  artifactKey: Guid(6569c6103bc3ec6429066cdf05e8d5a9) Importer(815301076,1909f56bfc062723c751e8b465ee728b)
Start importing Assets/HappyBurgerShop/Materials/Ingerdients/Ingredient-Type-14.mat using Guid(6569c6103bc3ec6429066cdf05e8d5a9) Importer(815301076,1909f56bfc062723c751e8b465ee728b)  -> (artifact id: '4fc405a41055510887c9d5ee691c2d4e') in 0.011099 seconds
Number of updated asset objects reloaded before import = 0
Number of asset objects unloaded after import = 2
========================================================================
Received Import Request.
  Time since last request: 0.000013 seconds.
  path: Assets/HappyBurgerShop/Materials/Ingerdients/Ingredient-Type-05.mat
  artifactKey: Guid(1f0b7242247b75345b090522cef70d4b) Importer(815301076,1909f56bfc062723c751e8b465ee728b)
Start importing Assets/HappyBurgerShop/Materials/Ingerdients/Ingredient-Type-05.mat using Guid(1f0b7242247b75345b090522cef70d4b) Importer(815301076,1909f56bfc062723c751e8b465ee728b)  -> (artifact id: '27c70b4e03262d4c7e6eed2e19421026') in 0.012566 seconds
Number of updated asset objects reloaded before import = 0
Number of asset objects unloaded after import = 2
========================================================================
Received Import Request.
  Time since last request: 0.000012 seconds.
  path: Assets/HappyBurgerShop/Materials/Ingerdients/Ingredient-Type-12.mat
  artifactKey: Guid(fc4a65082f4b3ca4c99b816732aabbe1) Importer(815301076,1909f56bfc062723c751e8b465ee728b)
Start importing Assets/HappyBurgerShop/Materials/Ingerdients/Ingredient-Type-12.mat using Guid(fc4a65082f4b3ca4c99b816732aabbe1) Importer(815301076,1909f56bfc062723c751e8b465ee728b)  -> (artifact id: 'b705f72b5ba51ffc9e89bff84a31a499') in 0.025856 seconds
Number of updated asset objects reloaded before import = 0
Number of asset objects unloaded after import = 2
========================================================================
Received Import Request.
  Time since last request: 0.000013 seconds.
  path: Assets/HappyBurgerShop/Materials/Ingerdients/Ingredient-Type-06.mat
  artifactKey: Guid(a160220c9386f0542aea317850f36ff7) Importer(815301076,1909f56bfc062723c751e8b465ee728b)
Start importing Assets/HappyBurgerShop/Materials/Ingerdients/Ingredient-Type-06.mat using Guid(a160220c9386f0542aea317850f36ff7) Importer(815301076,1909f56bfc062723c751e8b465ee728b)  -> (artifact id: '3584a691af46d961566f7436e42f8492') in 0.008111 seconds
Number of updated asset objects reloaded before import = 0
Number of asset objects unloaded after import = 2
========================================================================
Received Import Request.
  Time since last request: 0.252452 seconds.
  path: Assets/HappyBurgerShop/Materials/Menu/Btn-Menu.mat
  artifactKey: Guid(398e5912b3d0b7a47a16292c15cf5b06) Importer(815301076,1909f56bfc062723c751e8b465ee728b)
Start importing Assets/HappyBurgerShop/Materials/Menu/Btn-Menu.mat using Guid(398e5912b3d0b7a47a16292c15cf5b06) Importer(815301076,1909f56bfc062723c751e8b465ee728b)  -> (artifact id: '7936ca2b6d76512704d6253fdc036fc8') in 0.021163 seconds
Number of updated asset objects reloaded before import = 0
Number of asset objects unloaded after import = 2
========================================================================
Received Import Request.
  Time since last request: 0.000013 seconds.
  path: Assets/HappyBurgerShop/Materials/Menu/Btn-Resume.mat
  artifactKey: Guid(75ff53317396f4c4880e4c0b03baf2c1) Importer(815301076,1909f56bfc062723c751e8b465ee728b)
Start importing Assets/HappyBurgerShop/Materials/Menu/Btn-Resume.mat using Guid(75ff53317396f4c4880e4c0b03baf2c1) Importer(815301076,1909f56bfc062723c751e8b465ee728b)  -> (artifact id: 'fede46cdfc6466f66cf1429a64eebd8d') in 0.015402 seconds
Number of updated asset objects reloaded before import = 0
Number of asset objects unloaded after import = 2
========================================================================
Received Import Request.
  Time since last request: 0.000013 seconds.
  path: Assets/HappyBurgerShop/Materials/Menu/ShopCell-01.mat
  artifactKey: Guid(2c0d2c51f34530541a1c27f8aff723b2) Importer(815301076,1909f56bfc062723c751e8b465ee728b)
Start importing Assets/HappyBurgerShop/Materials/Menu/ShopCell-01.mat using Guid(2c0d2c51f34530541a1c27f8aff723b2) Importer(815301076,1909f56bfc062723c751e8b465ee728b)  -> (artifact id: '5d7cc610d6106b74340e495512c2e56b') in 0.099352 seconds
Number of updated asset objects reloaded before import = 0
Number of asset objects unloaded after import = 2
========================================================================
Received Import Request.
  Time since last request: 5.971226 seconds.
  path: Assets/HappyBurgerShop/Materials/Menu/Btn-Start.mat
  artifactKey: Guid(4f20b9f1d5e2cd24191b748347b4c89c) Importer(815301076,1909f56bfc062723c751e8b465ee728b)
Start importing Assets/HappyBurgerShop/Materials/Menu/Btn-Start.mat using Guid(4f20b9f1d5e2cd24191b748347b4c89c) Importer(815301076,1909f56bfc062723c751e8b465ee728b)  -> (artifact id: '5d423417be790a2ddc611903deffd68c') in 0.023071 seconds
Number of updated asset objects reloaded before import = 0
Number of asset objects unloaded after import = 2
Editor requested this worker to shutdown with reason: Scaling down because of idle timeout
TcpMessagingSession - receive error: operation aborted. errorcode: 995, details: ќпераци€ ввода/вывода была прервана из-за завершени€ потока команд или по запросу приложени€.
AssetImportWorker is now disconnected from the server
Process exiting
Exiting without the bug reporter. Application will terminate with return code 0